Analysis & Synthesis report for t2b_riscv_cpu
Wed Nov  8 17:41:21 2023
Quartus Prime Version 20.1.0 Build 711 06/05/2020 SJ Lite Edition


---------------------
; Table of Contents ;
---------------------
  1. Legal Notice
  2. Analysis & Synthesis Summary
  3. Analysis & Synthesis Settings
  4. Parallel Compilation
  5. Analysis & Synthesis Source Files Read
  6. Analysis & Synthesis Resource Usage Summary
  7. Analysis & Synthesis Resource Utilization by Entity
  8. User-Specified and Inferred Latches
  9. Registers Removed During Synthesis
 10. General Register Statistics
 11. Multiplexer Restructuring Statistics (Restructuring Performed)
 12. Parameter Settings for User Entity Instance: instr_mem:imem
 13. Parameter Settings for User Entity Instance: data_mem:dmem
 14. Post-Synthesis Netlist Statistics for Top Partition
 15. Elapsed Time Per Partition
 16. Analysis & Synthesis Messages



----------------
; Legal Notice ;
----------------
Copyright (C) 2020  Intel Corporation. All rights reserved.
Your use of Intel Corporation's design tools, logic functions 
and other software and tools, and any partner logic 
functions, and any output files from any of the foregoing 
(including device programming or simulation files), and any 
associated documentation or information are expressly subject 
to the terms and conditions of the Intel Program License 
Subscription Agreement, the Intel Quartus Prime License Agreement,
the Intel FPGA IP License Agreement, or other applicable license
agreement, including, without limitation, that your use is for
the sole purpose of programming logic devices manufactured by
Intel and sold by Intel or its authorized distributors.  Please
refer to the applicable agreement for further details, at
https://fpgasoftware.intel.com/eula.



+----------------------------------------------------------------------------------+
; Analysis & Synthesis Summary                                                     ;
+------------------------------------+---------------------------------------------+
; Analysis & Synthesis Status        ; Successful - Wed Nov  8 17:41:21 2023       ;
; Quartus Prime Version              ; 20.1.0 Build 711 06/05/2020 SJ Lite Edition ;
; Revision Name                      ; t2b_riscv_cpu                               ;
; Top-level Entity Name              ; t2b_riscv_cpu                               ;
; Family                             ; Cyclone IV E                                ;
; Total logic elements               ; 8,294                                       ;
;     Total combinational functions  ; 5,284                                       ;
;     Dedicated logic registers      ; 3,207                                       ;
; Total registers                    ; 3207                                        ;
; Total pins                         ; 164                                         ;
; Total virtual pins                 ; 0                                           ;
; Total memory bits                  ; 0                                           ;
; Embedded Multiplier 9-bit elements ; 0                                           ;
; Total PLLs                         ; 0                                           ;
+------------------------------------+---------------------------------------------+


+------------------------------------------------------------------------------------------------------------+
; Analysis & Synthesis Settings                                                                              ;
+------------------------------------------------------------------+--------------------+--------------------+
; Option                                                           ; Setting            ; Default Value      ;
+------------------------------------------------------------------+--------------------+--------------------+
; Device                                                           ; EP4CE22F17C6       ;                    ;
; Top-level entity name                                            ; t2b_riscv_cpu      ; t2b_riscv_cpu      ;
; Family name                                                      ; Cyclone IV E       ; Cyclone V          ;
; Use smart compilation                                            ; Off                ; Off                ;
; Enable parallel Assembler and Timing Analyzer during compilation ; On                 ; On                 ;
; Enable compact report table                                      ; Off                ; Off                ;
; Restructure Multiplexers                                         ; Auto               ; Auto               ;
; Create Debugging Nodes for IP Cores                              ; Off                ; Off                ;
; Preserve fewer node names                                        ; On                 ; On                 ;
; Intel FPGA IP Evaluation Mode                                    ; Enable             ; Enable             ;
; Verilog Version                                                  ; Verilog_2001       ; Verilog_2001       ;
; VHDL Version                                                     ; VHDL_1993          ; VHDL_1993          ;
; State Machine Processing                                         ; Auto               ; Auto               ;
; Safe State Machine                                               ; Off                ; Off                ;
; Extract Verilog State Machines                                   ; On                 ; On                 ;
; Extract VHDL State Machines                                      ; On                 ; On                 ;
; Ignore Verilog initial constructs                                ; Off                ; Off                ;
; Iteration limit for constant Verilog loops                       ; 5000               ; 5000               ;
; Iteration limit for non-constant Verilog loops                   ; 250                ; 250                ;
; Add Pass-Through Logic to Inferred RAMs                          ; On                 ; On                 ;
; Infer RAMs from Raw Logic                                        ; On                 ; On                 ;
; Parallel Synthesis                                               ; On                 ; On                 ;
; DSP Block Balancing                                              ; Auto               ; Auto               ;
; NOT Gate Push-Back                                               ; On                 ; On                 ;
; Power-Up Don't Care                                              ; On                 ; On                 ;
; Remove Redundant Logic Cells                                     ; Off                ; Off                ;
; Remove Duplicate Registers                                       ; On                 ; On                 ;
; Ignore CARRY Buffers                                             ; Off                ; Off                ;
; Ignore CASCADE Buffers                                           ; Off                ; Off                ;
; Ignore GLOBAL Buffers                                            ; Off                ; Off                ;
; Ignore ROW GLOBAL Buffers                                        ; Off                ; Off                ;
; Ignore LCELL Buffers                                             ; Off                ; Off                ;
; Ignore SOFT Buffers                                              ; On                 ; On                 ;
; Limit AHDL Integers to 32 Bits                                   ; Off                ; Off                ;
; Optimization Technique                                           ; Balanced           ; Balanced           ;
; Carry Chain Length                                               ; 70                 ; 70                 ;
; Auto Carry Chains                                                ; On                 ; On                 ;
; Auto Open-Drain Pins                                             ; On                 ; On                 ;
; Perform WYSIWYG Primitive Resynthesis                            ; Off                ; Off                ;
; Auto ROM Replacement                                             ; On                 ; On                 ;
; Auto RAM Replacement                                             ; On                 ; On                 ;
; Auto DSP Block Replacement                                       ; On                 ; On                 ;
; Auto Shift Register Replacement                                  ; Auto               ; Auto               ;
; Allow Shift Register Merging across Hierarchies                  ; Auto               ; Auto               ;
; Auto Clock Enable Replacement                                    ; On                 ; On                 ;
; Strict RAM Replacement                                           ; Off                ; Off                ;
; Allow Synchronous Control Signals                                ; On                 ; On                 ;
; Force Use of Synchronous Clear Signals                           ; Off                ; Off                ;
; Auto RAM Block Balancing                                         ; On                 ; On                 ;
; Auto RAM to Logic Cell Conversion                                ; Off                ; Off                ;
; Auto Resource Sharing                                            ; Off                ; Off                ;
; Allow Any RAM Size For Recognition                               ; Off                ; Off                ;
; Allow Any ROM Size For Recognition                               ; Off                ; Off                ;
; Allow Any Shift Register Size For Recognition                    ; Off                ; Off                ;
; Use LogicLock Constraints during Resource Balancing              ; On                 ; On                 ;
; Ignore translate_off and synthesis_off directives                ; Off                ; Off                ;
; Timing-Driven Synthesis                                          ; On                 ; On                 ;
; Report Parameter Settings                                        ; On                 ; On                 ;
; Report Source Assignments                                        ; On                 ; On                 ;
; Report Connectivity Checks                                       ; On                 ; On                 ;
; Ignore Maximum Fan-Out Assignments                               ; Off                ; Off                ;
; Synchronization Register Chain Length                            ; 2                  ; 2                  ;
; Power Optimization During Synthesis                              ; Normal compilation ; Normal compilation ;
; HDL message level                                                ; Level2             ; Level2             ;
; Suppress Register Optimization Related Messages                  ; Off                ; Off                ;
; Number of Removed Registers Reported in Synthesis Report         ; 5000               ; 5000               ;
; Number of Swept Nodes Reported in Synthesis Report               ; 5000               ; 5000               ;
; Number of Inverted Registers Reported in Synthesis Report        ; 100                ; 100                ;
; Clock MUX Protection                                             ; On                 ; On                 ;
; Auto Gated Clock Conversion                                      ; Off                ; Off                ;
; Block Design Naming                                              ; Auto               ; Auto               ;
; SDC constraint protection                                        ; Off                ; Off                ;
; Synthesis Effort                                                 ; Auto               ; Auto               ;
; Shift Register Replacement - Allow Asynchronous Clear Signal     ; On                 ; On                 ;
; Pre-Mapping Resynthesis Optimization                             ; Off                ; Off                ;
; Analysis & Synthesis Message Level                               ; Medium             ; Medium             ;
; Disable Register Merging Across Hierarchies                      ; Auto               ; Auto               ;
; Resource Aware Inference For Block RAM                           ; On                 ; On                 ;
+------------------------------------------------------------------+--------------------+--------------------+


+------------------------------------------+
; Parallel Compilation                     ;
+----------------------------+-------------+
; Processors                 ; Number      ;
+----------------------------+-------------+
; Number detected on machine ; 12          ;
; Maximum allowed            ; 12          ;
;                            ;             ;
; Average used               ; 1.01        ;
; Maximum used               ; 12          ;
;                            ;             ;
; Usage by Processor         ; % Time Used ;
;     Processor 1            ; 100.0%      ;
;     Processor 2            ;   0.2%      ;
;     Processor 3            ;   0.1%      ;
;     Processor 4            ;   0.1%      ;
;     Processor 5            ;   0.1%      ;
;     Processor 6            ;   0.1%      ;
;     Processor 7            ;   0.1%      ;
;     Processor 8            ;   0.1%      ;
;     Processors 9-12        ;   0.1%      ;
+----------------------------+-------------+


+-------------------------------------------------------------------------------------------------------------------------------------------------------------------------------------------------------+
; Analysis & Synthesis Source Files Read                                                                                                                                                                ;
+----------------------------------+-----------------+---------------------------------------------+------------------------------------------------------------------------------------------+---------+
; File Name with User-Entered Path ; Used in Netlist ; File Type                                   ; File Name with Absolute Path                                                             ; Library ;
+----------------------------------+-----------------+---------------------------------------------+------------------------------------------------------------------------------------------+---------+
; verilog_codes/registerfile.v     ; yes             ; User Verilog HDL File                       ; /home/saish_k/Eyantra/task 2/t2b_riscv_cpu(1)/t2b_riscv_cpu/verilog_codes/registerfile.v ;         ;
; verilog_codes/pc.v               ; yes             ; User Verilog HDL File                       ; /home/saish_k/Eyantra/task 2/t2b_riscv_cpu(1)/t2b_riscv_cpu/verilog_codes/pc.v           ;         ;
; verilog_codes/decoder.v          ; yes             ; User Verilog HDL File                       ; /home/saish_k/Eyantra/task 2/t2b_riscv_cpu(1)/t2b_riscv_cpu/verilog_codes/decoder.v      ;         ;
; verilog_codes/control_unit.v     ; yes             ; User Verilog HDL File                       ; /home/saish_k/Eyantra/task 2/t2b_riscv_cpu(1)/t2b_riscv_cpu/verilog_codes/control_unit.v ;         ;
; verilog_codes/alu.v              ; yes             ; User Verilog HDL File                       ; /home/saish_k/Eyantra/task 2/t2b_riscv_cpu(1)/t2b_riscv_cpu/verilog_codes/alu.v          ;         ;
; instr_mem.v                      ; yes             ; User Verilog HDL File                       ; /home/saish_k/Eyantra/task 2/t2b_riscv_cpu(1)/t2b_riscv_cpu/instr_mem.v                  ;         ;
; data_mem.v                       ; yes             ; User Verilog HDL File                       ; /home/saish_k/Eyantra/task 2/t2b_riscv_cpu(1)/t2b_riscv_cpu/data_mem.v                   ;         ;
; riscv_cpu.v                      ; yes             ; User Verilog HDL File                       ; /home/saish_k/Eyantra/task 2/t2b_riscv_cpu(1)/t2b_riscv_cpu/riscv_cpu.v                  ;         ;
; t2b_riscv_cpu.v                  ; yes             ; User Verilog HDL File                       ; /home/saish_k/Eyantra/task 2/t2b_riscv_cpu(1)/t2b_riscv_cpu/t2b_riscv_cpu.v              ;         ;
; program_dump.hex                 ; yes             ; Auto-Found Hexadecimal (Intel-Format) File  ; /home/saish_k/Eyantra/task 2/t2b_riscv_cpu(1)/t2b_riscv_cpu/program_dump.hex             ;         ;
+----------------------------------+-----------------+---------------------------------------------+------------------------------------------------------------------------------------------+---------+


+---------------------------------------------------------+
; Analysis & Synthesis Resource Usage Summary             ;
+---------------------------------------------+-----------+
; Resource                                    ; Usage     ;
+---------------------------------------------+-----------+
; Estimated Total logic elements              ; 8,294     ;
;                                             ;           ;
; Total combinational functions               ; 5284      ;
; Logic element usage by number of LUT inputs ;           ;
;     -- 4 input functions                    ; 4327      ;
;     -- 3 input functions                    ; 867       ;
;     -- <=2 input functions                  ; 90        ;
;                                             ;           ;
; Logic elements by mode                      ;           ;
;     -- normal mode                          ; 5067      ;
;     -- arithmetic mode                      ; 217       ;
;                                             ;           ;
; Total registers                             ; 3207      ;
;     -- Dedicated logic registers            ; 3207      ;
;     -- I/O registers                        ; 0         ;
;                                             ;           ;
; I/O pins                                    ; 164       ;
;                                             ;           ;
; Embedded Multiplier 9-bit elements          ; 0         ;
;                                             ;           ;
; Maximum fan-out node                        ; clk~input ;
; Maximum fan-out                             ; 3207      ;
; Total fan-out                               ; 30043     ;
; Average fan-out                             ; 3.41      ;
+---------------------------------------------+-----------+


+-----------------------------------------------------------------------------------------------------------------------------------------------------------------------------------------------------------------------------------------------------+
; Analysis & Synthesis Resource Utilization by Entity                                                                                                                                                                                                 ;
+--------------------------------+---------------------+---------------------------+-------------+--------------+---------+-----------+------+--------------+----------------------------------------------------------+---------------+--------------+
; Compilation Hierarchy Node     ; Combinational ALUTs ; Dedicated Logic Registers ; Memory Bits ; DSP Elements ; DSP 9x9 ; DSP 18x18 ; Pins ; Virtual Pins ; Full Hierarchy Name                                      ; Entity Name   ; Library Name ;
+--------------------------------+---------------------+---------------------------+-------------+--------------+---------+-----------+------+--------------+----------------------------------------------------------+---------------+--------------+
; |t2b_riscv_cpu                 ; 5284 (65)           ; 3207 (0)                  ; 0           ; 0            ; 0       ; 0         ; 164  ; 0            ; |t2b_riscv_cpu                                           ; t2b_riscv_cpu ; work         ;
;    |data_mem:dmem|             ; 1424 (1424)         ; 2048 (2048)               ; 0           ; 0            ; 0       ; 0         ; 0    ; 0            ; |t2b_riscv_cpu|data_mem:dmem                             ; data_mem      ; work         ;
;    |instr_mem:imem|            ; 828 (828)           ; 0 (0)                     ; 0           ; 0            ; 0       ; 0         ; 0    ; 0            ; |t2b_riscv_cpu|instr_mem:imem                            ; instr_mem     ; work         ;
;    |riscv_cpu:rvsingle|        ; 2967 (0)            ; 1159 (0)                  ; 0           ; 0            ; 0       ; 0         ; 0    ; 0            ; |t2b_riscv_cpu|riscv_cpu:rvsingle                        ; riscv_cpu     ; work         ;
;       |PC:b2v_inst|            ; 64 (64)             ; 32 (32)                   ; 0           ; 0            ; 0       ; 0         ; 0    ; 0            ; |t2b_riscv_cpu|riscv_cpu:rvsingle|PC:b2v_inst            ; PC            ; work         ;
;       |alu:b2v_inst1|          ; 580 (580)           ; 0 (0)                     ; 0           ; 0            ; 0       ; 0         ; 0    ; 0            ; |t2b_riscv_cpu|riscv_cpu:rvsingle|alu:b2v_inst1          ; alu           ; work         ;
;       |control_unit:b2v_inst2| ; 755 (755)           ; 135 (135)                 ; 0           ; 0            ; 0       ; 0         ; 0    ; 0            ; |t2b_riscv_cpu|riscv_cpu:rvsingle|control_unit:b2v_inst2 ; control_unit  ; work         ;
;       |decoder:b2v_inst3|      ; 109 (109)           ; 0 (0)                     ; 0           ; 0            ; 0       ; 0         ; 0    ; 0            ; |t2b_riscv_cpu|riscv_cpu:rvsingle|decoder:b2v_inst3      ; decoder       ; work         ;
;       |registerfile:b2v_inst4| ; 1459 (1459)         ; 992 (992)                 ; 0           ; 0            ; 0       ; 0         ; 0    ; 0            ; |t2b_riscv_cpu|riscv_cpu:rvsingle|registerfile:b2v_inst4 ; registerfile  ; work         ;
+--------------------------------+---------------------+---------------------------+-------------+--------------+---------+-----------+------+--------------+----------------------------------------------------------+---------------+--------------+
Note: For table entries with two numbers listed, the numbers in parentheses indicate the number of resources of the given type used by the specific entity alone. The numbers listed outside of parentheses indicate the total resources of the given type used by the specific entity and all of its sub-entities in the hierarchy.


+-----------------------------------------------------------------------------------------------------------------------------------+
; User-Specified and Inferred Latches                                                                                               ;
+---------------------------------------------------------+------------------------------------------------+------------------------+
; Latch Name                                              ; Latch Enable Signal                            ; Free of Timing Hazards ;
+---------------------------------------------------------+------------------------------------------------+------------------------+
; riscv_cpu:rvsingle|registerfile:b2v_inst4|rs2_value[0]  ; riscv_cpu:rvsingle|decoder:b2v_inst3|rs2_valid ; yes                    ;
; riscv_cpu:rvsingle|registerfile:b2v_inst4|rs2_value[1]  ; riscv_cpu:rvsingle|decoder:b2v_inst3|rs2_valid ; yes                    ;
; riscv_cpu:rvsingle|registerfile:b2v_inst4|rs2_value[2]  ; riscv_cpu:rvsingle|decoder:b2v_inst3|rs2_valid ; yes                    ;
; riscv_cpu:rvsingle|registerfile:b2v_inst4|rs2_value[3]  ; riscv_cpu:rvsingle|decoder:b2v_inst3|rs2_valid ; yes                    ;
; riscv_cpu:rvsingle|registerfile:b2v_inst4|rs2_value[4]  ; riscv_cpu:rvsingle|decoder:b2v_inst3|rs2_valid ; yes                    ;
; riscv_cpu:rvsingle|registerfile:b2v_inst4|rs2_value[5]  ; riscv_cpu:rvsingle|decoder:b2v_inst3|rs2_valid ; yes                    ;
; riscv_cpu:rvsingle|registerfile:b2v_inst4|rs2_value[6]  ; riscv_cpu:rvsingle|decoder:b2v_inst3|rs2_valid ; yes                    ;
; riscv_cpu:rvsingle|registerfile:b2v_inst4|rs2_value[7]  ; riscv_cpu:rvsingle|decoder:b2v_inst3|rs2_valid ; yes                    ;
; riscv_cpu:rvsingle|registerfile:b2v_inst4|rs2_value[8]  ; riscv_cpu:rvsingle|decoder:b2v_inst3|rs2_valid ; yes                    ;
; riscv_cpu:rvsingle|registerfile:b2v_inst4|rs2_value[9]  ; riscv_cpu:rvsingle|decoder:b2v_inst3|rs2_valid ; yes                    ;
; riscv_cpu:rvsingle|registerfile:b2v_inst4|rs2_value[10] ; riscv_cpu:rvsingle|decoder:b2v_inst3|rs2_valid ; yes                    ;
; riscv_cpu:rvsingle|registerfile:b2v_inst4|rs2_value[11] ; riscv_cpu:rvsingle|decoder:b2v_inst3|rs2_valid ; yes                    ;
; riscv_cpu:rvsingle|registerfile:b2v_inst4|rs2_value[12] ; riscv_cpu:rvsingle|decoder:b2v_inst3|rs2_valid ; yes                    ;
; riscv_cpu:rvsingle|registerfile:b2v_inst4|rs2_value[13] ; riscv_cpu:rvsingle|decoder:b2v_inst3|rs2_valid ; yes                    ;
; riscv_cpu:rvsingle|registerfile:b2v_inst4|rs2_value[14] ; riscv_cpu:rvsingle|decoder:b2v_inst3|rs2_valid ; yes                    ;
; riscv_cpu:rvsingle|registerfile:b2v_inst4|rs2_value[15] ; riscv_cpu:rvsingle|decoder:b2v_inst3|rs2_valid ; yes                    ;
; riscv_cpu:rvsingle|registerfile:b2v_inst4|rs1_value[0]  ; riscv_cpu:rvsingle|decoder:b2v_inst3|rs1_valid ; yes                    ;
; riscv_cpu:rvsingle|registerfile:b2v_inst4|rs1_value[1]  ; riscv_cpu:rvsingle|decoder:b2v_inst3|rs1_valid ; yes                    ;
; riscv_cpu:rvsingle|registerfile:b2v_inst4|rs1_value[2]  ; riscv_cpu:rvsingle|decoder:b2v_inst3|rs1_valid ; yes                    ;
; riscv_cpu:rvsingle|registerfile:b2v_inst4|rs1_value[3]  ; riscv_cpu:rvsingle|decoder:b2v_inst3|rs1_valid ; yes                    ;
; riscv_cpu:rvsingle|registerfile:b2v_inst4|rs1_value[4]  ; riscv_cpu:rvsingle|decoder:b2v_inst3|rs1_valid ; yes                    ;
; riscv_cpu:rvsingle|registerfile:b2v_inst4|rs1_value[5]  ; riscv_cpu:rvsingle|decoder:b2v_inst3|rs1_valid ; yes                    ;
; riscv_cpu:rvsingle|registerfile:b2v_inst4|rs1_value[6]  ; riscv_cpu:rvsingle|decoder:b2v_inst3|rs1_valid ; yes                    ;
; riscv_cpu:rvsingle|registerfile:b2v_inst4|rs1_value[7]  ; riscv_cpu:rvsingle|decoder:b2v_inst3|rs1_valid ; yes                    ;
; riscv_cpu:rvsingle|registerfile:b2v_inst4|rs1_value[8]  ; riscv_cpu:rvsingle|decoder:b2v_inst3|rs1_valid ; yes                    ;
; riscv_cpu:rvsingle|registerfile:b2v_inst4|rs1_value[9]  ; riscv_cpu:rvsingle|decoder:b2v_inst3|rs1_valid ; yes                    ;
; riscv_cpu:rvsingle|registerfile:b2v_inst4|rs1_value[10] ; riscv_cpu:rvsingle|decoder:b2v_inst3|rs1_valid ; yes                    ;
; riscv_cpu:rvsingle|registerfile:b2v_inst4|rs1_value[11] ; riscv_cpu:rvsingle|decoder:b2v_inst3|rs1_valid ; yes                    ;
; riscv_cpu:rvsingle|registerfile:b2v_inst4|rs1_value[12] ; riscv_cpu:rvsingle|decoder:b2v_inst3|rs1_valid ; yes                    ;
; riscv_cpu:rvsingle|registerfile:b2v_inst4|rs1_value[13] ; riscv_cpu:rvsingle|decoder:b2v_inst3|rs1_valid ; yes                    ;
; riscv_cpu:rvsingle|registerfile:b2v_inst4|rs1_value[14] ; riscv_cpu:rvsingle|decoder:b2v_inst3|rs1_valid ; yes                    ;
; riscv_cpu:rvsingle|registerfile:b2v_inst4|rs1_value[15] ; riscv_cpu:rvsingle|decoder:b2v_inst3|rs1_valid ; yes                    ;
; riscv_cpu:rvsingle|registerfile:b2v_inst4|rs1_value[16] ; riscv_cpu:rvsingle|decoder:b2v_inst3|rs1_valid ; yes                    ;
; riscv_cpu:rvsingle|registerfile:b2v_inst4|rs1_value[17] ; riscv_cpu:rvsingle|decoder:b2v_inst3|rs1_valid ; yes                    ;
; riscv_cpu:rvsingle|registerfile:b2v_inst4|rs1_value[18] ; riscv_cpu:rvsingle|decoder:b2v_inst3|rs1_valid ; yes                    ;
; riscv_cpu:rvsingle|registerfile:b2v_inst4|rs1_value[19] ; riscv_cpu:rvsingle|decoder:b2v_inst3|rs1_valid ; yes                    ;
; riscv_cpu:rvsingle|registerfile:b2v_inst4|rs1_value[20] ; riscv_cpu:rvsingle|decoder:b2v_inst3|rs1_valid ; yes                    ;
; riscv_cpu:rvsingle|registerfile:b2v_inst4|rs1_value[21] ; riscv_cpu:rvsingle|decoder:b2v_inst3|rs1_valid ; yes                    ;
; riscv_cpu:rvsingle|registerfile:b2v_inst4|rs1_value[22] ; riscv_cpu:rvsingle|decoder:b2v_inst3|rs1_valid ; yes                    ;
; riscv_cpu:rvsingle|registerfile:b2v_inst4|rs1_value[23] ; riscv_cpu:rvsingle|decoder:b2v_inst3|rs1_valid ; yes                    ;
; riscv_cpu:rvsingle|registerfile:b2v_inst4|rs1_value[24] ; riscv_cpu:rvsingle|decoder:b2v_inst3|rs1_valid ; yes                    ;
; riscv_cpu:rvsingle|registerfile:b2v_inst4|rs1_value[25] ; riscv_cpu:rvsingle|decoder:b2v_inst3|rs1_valid ; yes                    ;
; riscv_cpu:rvsingle|registerfile:b2v_inst4|rs1_value[26] ; riscv_cpu:rvsingle|decoder:b2v_inst3|rs1_valid ; yes                    ;
; riscv_cpu:rvsingle|registerfile:b2v_inst4|rs1_value[27] ; riscv_cpu:rvsingle|decoder:b2v_inst3|rs1_valid ; yes                    ;
; riscv_cpu:rvsingle|registerfile:b2v_inst4|rs1_value[28] ; riscv_cpu:rvsingle|decoder:b2v_inst3|rs1_valid ; yes                    ;
; riscv_cpu:rvsingle|registerfile:b2v_inst4|rs1_value[29] ; riscv_cpu:rvsingle|decoder:b2v_inst3|rs1_valid ; yes                    ;
; riscv_cpu:rvsingle|registerfile:b2v_inst4|rs1_value[30] ; riscv_cpu:rvsingle|decoder:b2v_inst3|rs1_valid ; yes                    ;
; riscv_cpu:rvsingle|registerfile:b2v_inst4|rs1_value[31] ; riscv_cpu:rvsingle|decoder:b2v_inst3|rs1_valid ; yes                    ;
; riscv_cpu:rvsingle|registerfile:b2v_inst4|rs2_value[31] ; riscv_cpu:rvsingle|decoder:b2v_inst3|rs2_valid ; yes                    ;
; riscv_cpu:rvsingle|registerfile:b2v_inst4|rs2_value[30] ; riscv_cpu:rvsingle|decoder:b2v_inst3|rs2_valid ; yes                    ;
; riscv_cpu:rvsingle|registerfile:b2v_inst4|rs2_value[29] ; riscv_cpu:rvsingle|decoder:b2v_inst3|rs2_valid ; yes                    ;
; riscv_cpu:rvsingle|registerfile:b2v_inst4|rs2_value[28] ; riscv_cpu:rvsingle|decoder:b2v_inst3|rs2_valid ; yes                    ;
; riscv_cpu:rvsingle|registerfile:b2v_inst4|rs2_value[27] ; riscv_cpu:rvsingle|decoder:b2v_inst3|rs2_valid ; yes                    ;
; riscv_cpu:rvsingle|registerfile:b2v_inst4|rs2_value[26] ; riscv_cpu:rvsingle|decoder:b2v_inst3|rs2_valid ; yes                    ;
; riscv_cpu:rvsingle|registerfile:b2v_inst4|rs2_value[25] ; riscv_cpu:rvsingle|decoder:b2v_inst3|rs2_valid ; yes                    ;
; riscv_cpu:rvsingle|registerfile:b2v_inst4|rs2_value[24] ; riscv_cpu:rvsingle|decoder:b2v_inst3|rs2_valid ; yes                    ;
; riscv_cpu:rvsingle|registerfile:b2v_inst4|rs2_value[23] ; riscv_cpu:rvsingle|decoder:b2v_inst3|rs2_valid ; yes                    ;
; riscv_cpu:rvsingle|registerfile:b2v_inst4|rs2_value[22] ; riscv_cpu:rvsingle|decoder:b2v_inst3|rs2_valid ; yes                    ;
; riscv_cpu:rvsingle|registerfile:b2v_inst4|rs2_value[21] ; riscv_cpu:rvsingle|decoder:b2v_inst3|rs2_valid ; yes                    ;
; riscv_cpu:rvsingle|registerfile:b2v_inst4|rs2_value[20] ; riscv_cpu:rvsingle|decoder:b2v_inst3|rs2_valid ; yes                    ;
; riscv_cpu:rvsingle|registerfile:b2v_inst4|rs2_value[19] ; riscv_cpu:rvsingle|decoder:b2v_inst3|rs2_valid ; yes                    ;
; riscv_cpu:rvsingle|registerfile:b2v_inst4|rs2_value[18] ; riscv_cpu:rvsingle|decoder:b2v_inst3|rs2_valid ; yes                    ;
; riscv_cpu:rvsingle|registerfile:b2v_inst4|rs2_value[17] ; riscv_cpu:rvsingle|decoder:b2v_inst3|rs2_valid ; yes                    ;
; riscv_cpu:rvsingle|registerfile:b2v_inst4|rs2_value[16] ; riscv_cpu:rvsingle|decoder:b2v_inst3|rs2_valid ; yes                    ;
; Number of user-specified and inferred latches = 64      ;                                                ;                        ;
+---------------------------------------------------------+------------------------------------------------+------------------------+
Note: All latches listed above may not be present at the end of synthesis due to various synthesis optimizations.


+------------------------------------------------------------------------------------------------------------------------------------------------+
; Registers Removed During Synthesis                                                                                                             ;
+-----------------------------------------------------------------------+------------------------------------------------------------------------+
; Register name                                                         ; Reason for Removal                                                     ;
+-----------------------------------------------------------------------+------------------------------------------------------------------------+
; riscv_cpu:rvsingle|control_unit:b2v_inst2|instructions[26]            ; Merged with riscv_cpu:rvsingle|control_unit:b2v_inst2|instructions[24] ;
; riscv_cpu:rvsingle|control_unit:b2v_inst2|mem_write[16..31]           ; Stuck at GND due to stuck port data_in                                 ;
; riscv_cpu:rvsingle|control_unit:b2v_inst2|instructions[19..25,27..35] ; Stuck at GND due to stuck port data_in                                 ;
; riscv_cpu:rvsingle|registerfile:b2v_inst4|register_file[0][0]         ; Stuck at GND due to stuck port data_in                                 ;
; riscv_cpu:rvsingle|registerfile:b2v_inst4|register_file[0][1]         ; Stuck at GND due to stuck port data_in                                 ;
; riscv_cpu:rvsingle|registerfile:b2v_inst4|register_file[0][2]         ; Stuck at GND due to stuck port data_in                                 ;
; riscv_cpu:rvsingle|registerfile:b2v_inst4|register_file[0][3]         ; Stuck at GND due to stuck port data_in                                 ;
; riscv_cpu:rvsingle|registerfile:b2v_inst4|register_file[0][4]         ; Stuck at GND due to stuck port data_in                                 ;
; riscv_cpu:rvsingle|registerfile:b2v_inst4|register_file[0][5]         ; Stuck at GND due to stuck port data_in                                 ;
; riscv_cpu:rvsingle|registerfile:b2v_inst4|register_file[0][6]         ; Stuck at GND due to stuck port data_in                                 ;
; riscv_cpu:rvsingle|registerfile:b2v_inst4|register_file[0][7]         ; Stuck at GND due to stuck port data_in                                 ;
; riscv_cpu:rvsingle|registerfile:b2v_inst4|register_file[0][8]         ; Stuck at GND due to stuck port data_in                                 ;
; riscv_cpu:rvsingle|registerfile:b2v_inst4|register_file[0][9]         ; Stuck at GND due to stuck port data_in                                 ;
; riscv_cpu:rvsingle|registerfile:b2v_inst4|register_file[0][10]        ; Stuck at GND due to stuck port data_in                                 ;
; riscv_cpu:rvsingle|registerfile:b2v_inst4|register_file[0][11]        ; Stuck at GND due to stuck port data_in                                 ;
; riscv_cpu:rvsingle|registerfile:b2v_inst4|register_file[0][12]        ; Stuck at GND due to stuck port data_in                                 ;
; riscv_cpu:rvsingle|registerfile:b2v_inst4|register_file[0][13]        ; Stuck at GND due to stuck port data_in                                 ;
; riscv_cpu:rvsingle|registerfile:b2v_inst4|register_file[0][14]        ; Stuck at GND due to stuck port data_in                                 ;
; riscv_cpu:rvsingle|registerfile:b2v_inst4|register_file[0][15]        ; Stuck at GND due to stuck port data_in                                 ;
; riscv_cpu:rvsingle|registerfile:b2v_inst4|register_file[0][31]        ; Stuck at GND due to stuck port data_in                                 ;
; riscv_cpu:rvsingle|registerfile:b2v_inst4|register_file[0][30]        ; Stuck at GND due to stuck port data_in                                 ;
; riscv_cpu:rvsingle|registerfile:b2v_inst4|register_file[0][29]        ; Stuck at GND due to stuck port data_in                                 ;
; riscv_cpu:rvsingle|registerfile:b2v_inst4|register_file[0][28]        ; Stuck at GND due to stuck port data_in                                 ;
; riscv_cpu:rvsingle|registerfile:b2v_inst4|register_file[0][27]        ; Stuck at GND due to stuck port data_in                                 ;
; riscv_cpu:rvsingle|registerfile:b2v_inst4|register_file[0][26]        ; Stuck at GND due to stuck port data_in                                 ;
; riscv_cpu:rvsingle|registerfile:b2v_inst4|register_file[0][25]        ; Stuck at GND due to stuck port data_in                                 ;
; riscv_cpu:rvsingle|registerfile:b2v_inst4|register_file[0][24]        ; Stuck at GND due to stuck port data_in                                 ;
; riscv_cpu:rvsingle|registerfile:b2v_inst4|register_file[0][23]        ; Stuck at GND due to stuck port data_in                                 ;
; riscv_cpu:rvsingle|registerfile:b2v_inst4|register_file[0][22]        ; Stuck at GND due to stuck port data_in                                 ;
; riscv_cpu:rvsingle|registerfile:b2v_inst4|register_file[0][21]        ; Stuck at GND due to stuck port data_in                                 ;
; riscv_cpu:rvsingle|registerfile:b2v_inst4|register_file[0][20]        ; Stuck at GND due to stuck port data_in                                 ;
; riscv_cpu:rvsingle|registerfile:b2v_inst4|register_file[0][19]        ; Stuck at GND due to stuck port data_in                                 ;
; riscv_cpu:rvsingle|registerfile:b2v_inst4|register_file[0][18]        ; Stuck at GND due to stuck port data_in                                 ;
; riscv_cpu:rvsingle|registerfile:b2v_inst4|register_file[0][17]        ; Stuck at GND due to stuck port data_in                                 ;
; riscv_cpu:rvsingle|registerfile:b2v_inst4|register_file[0][16]        ; Stuck at GND due to stuck port data_in                                 ;
; Total Number of Removed Registers = 65                                ;                                                                        ;
+-----------------------------------------------------------------------+------------------------------------------------------------------------+


+------------------------------------------------------+
; General Register Statistics                          ;
+----------------------------------------------+-------+
; Statistic                                    ; Value ;
+----------------------------------------------+-------+
; Total registers                              ; 3207  ;
; Number of registers using Synchronous Clear  ; 32    ;
; Number of registers using Synchronous Load   ; 38    ;
; Number of registers using Asynchronous Clear ; 0     ;
; Number of registers using Asynchronous Load  ; 0     ;
; Number of registers using Clock Enable       ; 3174  ;
; Number of registers using Preset             ; 0     ;
+----------------------------------------------+-------+


+--------------------------------------------------------------------------------------------------------------------------------------------------------------------------------------------+
; Multiplexer Restructuring Statistics (Restructuring Performed)                                                                                                                             ;
+--------------------+-----------+---------------+----------------------+------------------------+------------+------------------------------------------------------------------------------+
; Multiplexer Inputs ; Bus Width ; Baseline Area ; Area if Restructured ; Saving if Restructured ; Registered ; Example Multiplexer Output                                                   ;
+--------------------+-----------+---------------+----------------------+------------------------+------------+------------------------------------------------------------------------------+
; 3:1                ; 32 bits   ; 64 LEs        ; 64 LEs               ; 0 LEs                  ; Yes        ; |t2b_riscv_cpu|riscv_cpu:rvsingle|PC:b2v_inst|next_pc[0]                     ;
; 3:1                ; 32 bits   ; 64 LEs        ; 32 LEs               ; 32 LEs                 ; Yes        ; |t2b_riscv_cpu|riscv_cpu:rvsingle|registerfile:b2v_inst4|register_file[0][7] ;
; 74:1               ; 32 bits   ; 1568 LEs      ; 32 LEs               ; 1536 LEs               ; Yes        ; |t2b_riscv_cpu|riscv_cpu:rvsingle|control_unit:b2v_inst2|jump[24]            ;
; 84:1               ; 8 bits    ; 448 LEs       ; 112 LEs              ; 336 LEs                ; Yes        ; |t2b_riscv_cpu|riscv_cpu:rvsingle|control_unit:b2v_inst2|final_output[22]    ;
; 84:1               ; 8 bits    ; 448 LEs       ; 112 LEs              ; 336 LEs                ; Yes        ; |t2b_riscv_cpu|riscv_cpu:rvsingle|control_unit:b2v_inst2|final_output[15]    ;
; 86:1               ; 4 bits    ; 228 LEs       ; 60 LEs               ; 168 LEs                ; Yes        ; |t2b_riscv_cpu|riscv_cpu:rvsingle|control_unit:b2v_inst2|final_output[25]    ;
; 87:1               ; 4 bits    ; 232 LEs       ; 60 LEs               ; 172 LEs                ; Yes        ; |t2b_riscv_cpu|riscv_cpu:rvsingle|control_unit:b2v_inst2|final_output[4]     ;
; 88:1               ; 2 bits    ; 116 LEs       ; 36 LEs               ; 80 LEs                 ; Yes        ; |t2b_riscv_cpu|riscv_cpu:rvsingle|control_unit:b2v_inst2|final_output[28]    ;
; 89:1               ; 2 bits    ; 118 LEs       ; 36 LEs               ; 82 LEs                 ; Yes        ; |t2b_riscv_cpu|riscv_cpu:rvsingle|control_unit:b2v_inst2|final_output[2]     ;
; 90:1               ; 2 bits    ; 120 LEs       ; 36 LEs               ; 84 LEs                 ; Yes        ; |t2b_riscv_cpu|riscv_cpu:rvsingle|control_unit:b2v_inst2|final_output[30]    ;
; 4:1                ; 8 bits    ; 16 LEs        ; 16 LEs               ; 0 LEs                  ; No         ; |t2b_riscv_cpu|riscv_cpu:rvsingle|decoder:b2v_inst3|imm[13]                  ;
; 5:1                ; 6 bits    ; 18 LEs        ; 12 LEs               ; 6 LEs                  ; No         ; |t2b_riscv_cpu|riscv_cpu:rvsingle|decoder:b2v_inst3|imm[5]                   ;
; 6:1                ; 4 bits    ; 16 LEs        ; 8 LEs                ; 8 LEs                  ; No         ; |t2b_riscv_cpu|riscv_cpu:rvsingle|decoder:b2v_inst3|imm[1]                   ;
; 32:1               ; 32 bits   ; 672 LEs       ; 672 LEs              ; 0 LEs                  ; No         ; |t2b_riscv_cpu|riscv_cpu:rvsingle|registerfile:b2v_inst4|Mux41               ;
; 32:1               ; 32 bits   ; 672 LEs       ; 672 LEs              ; 0 LEs                  ; No         ; |t2b_riscv_cpu|riscv_cpu:rvsingle|registerfile:b2v_inst4|Mux8                ;
+--------------------+-----------+---------------+----------------------+------------------------+------------+------------------------------------------------------------------------------+


+-------------------------------------------------------------+
; Parameter Settings for User Entity Instance: instr_mem:imem ;
+----------------+-------+------------------------------------+
; Parameter Name ; Value ; Type                               ;
+----------------+-------+------------------------------------+
; DATA_WIDTH     ; 32    ; Signed Integer                     ;
; ADDR_WIDTH     ; 32    ; Signed Integer                     ;
; MEM_SIZE       ; 512   ; Signed Integer                     ;
+----------------+-------+------------------------------------+
Note: In order to hide this table in the UI and the text report file, please set the "Show Parameter Settings in Synthesis Report" option in "Analysis and Synthesis Settings -> More Settings" to "Off".


+------------------------------------------------------------+
; Parameter Settings for User Entity Instance: data_mem:dmem ;
+----------------+-------+-----------------------------------+
; Parameter Name ; Value ; Type                              ;
+----------------+-------+-----------------------------------+
; DATA_WIDTH     ; 32    ; Signed Integer                    ;
; ADDR_WIDTH     ; 32    ; Signed Integer                    ;
; MEM_SIZE       ; 64    ; Signed Integer                    ;
+----------------+-------+-----------------------------------+
Note: In order to hide this table in the UI and the text report file, please set the "Show Parameter Settings in Synthesis Report" option in "Analysis and Synthesis Settings -> More Settings" to "Off".


+-----------------------------------------------------+
; Post-Synthesis Netlist Statistics for Top Partition ;
+-----------------------+-----------------------------+
; Type                  ; Count                       ;
+-----------------------+-----------------------------+
; boundary_port         ; 164                         ;
; cycloneiii_ff         ; 3207                        ;
;     ENA               ; 3136                        ;
;     ENA SLD           ; 38                          ;
;     SCLR              ; 32                          ;
;     plain             ; 1                           ;
; cycloneiii_lcell_comb ; 5284                        ;
;     arith             ; 217                         ;
;         2 data inputs ; 31                          ;
;         3 data inputs ; 186                         ;
;     normal            ; 5067                        ;
;         1 data inputs ; 1                           ;
;         2 data inputs ; 58                          ;
;         3 data inputs ; 681                         ;
;         4 data inputs ; 4327                        ;
;                       ;                             ;
; Max LUT depth         ; 21.00                       ;
; Average LUT depth     ; 9.69                        ;
+-----------------------+-----------------------------+


+-------------------------------+
; Elapsed Time Per Partition    ;
+----------------+--------------+
; Partition Name ; Elapsed Time ;
+----------------+--------------+
; Top            ; 00:00:18     ;
+----------------+--------------+


+-------------------------------+
; Analysis & Synthesis Messages ;
+-------------------------------+
Info: *******************************************************************
Info: Running Quartus Prime Analysis & Synthesis
    Info: Version 20.1.0 Build 711 06/05/2020 SJ Lite Edition
    Info: Processing started: Wed Nov  8 17:40:56 2023
Info: Command: quartus_map --read_settings_files=on --write_settings_files=off t2b_riscv_cpu -c t2b_riscv_cpu
Warning (18236): Number of processors has not been specified which may cause overloading on shared machines.  Set the global assignment NUM_PARALLEL_PROCESSORS in your QSF to an appropriate value for best performance.
Info (20030): Parallel compilation is enabled and will use 12 of the 12 processors detected
Info (12021): Found 1 design units, including 1 entities, in source file riscv_cpu_block.bdf
    Info (12023): Found entity 1: riscv_cpu_block
Info (12021): Found 1 design units, including 1 entities, in source file verilog_codes/registerfile.v
    Info (12023): Found entity 1: registerfile File: /home/saish_k/Eyantra/task 2/t2b_riscv_cpu(1)/t2b_riscv_cpu/verilog_codes/registerfile.v Line: 2
Info (12021): Found 1 design units, including 1 entities, in source file verilog_codes/pc.v
    Info (12023): Found entity 1: PC File: /home/saish_k/Eyantra/task 2/t2b_riscv_cpu(1)/t2b_riscv_cpu/verilog_codes/pc.v Line: 1
Info (12021): Found 1 design units, including 1 entities, in source file verilog_codes/decoder.v
    Info (12023): Found entity 1: decoder File: /home/saish_k/Eyantra/task 2/t2b_riscv_cpu(1)/t2b_riscv_cpu/verilog_codes/decoder.v Line: 1
Info (12021): Found 1 design units, including 1 entities, in source file verilog_codes/control_unit.v
    Info (12023): Found entity 1: control_unit File: /home/saish_k/Eyantra/task 2/t2b_riscv_cpu(1)/t2b_riscv_cpu/verilog_codes/control_unit.v Line: 3
Info (12021): Found 1 design units, including 1 entities, in source file verilog_codes/alu.v
    Info (12023): Found entity 1: alu File: /home/saish_k/Eyantra/task 2/t2b_riscv_cpu(1)/t2b_riscv_cpu/verilog_codes/alu.v Line: 2
Info (12021): Found 1 design units, including 1 entities, in source file instr_mem.v
    Info (12023): Found entity 1: instr_mem File: /home/saish_k/Eyantra/task 2/t2b_riscv_cpu(1)/t2b_riscv_cpu/instr_mem.v Line: 4
Info (12021): Found 1 design units, including 1 entities, in source file data_mem.v
    Info (12023): Found entity 1: data_mem File: /home/saish_k/Eyantra/task 2/t2b_riscv_cpu(1)/t2b_riscv_cpu/data_mem.v Line: 4
Info (12021): Found 1 design units, including 1 entities, in source file riscv_cpu.v
    Info (12023): Found entity 1: riscv_cpu File: /home/saish_k/Eyantra/task 2/t2b_riscv_cpu(1)/t2b_riscv_cpu/riscv_cpu.v Line: 20
Info (12021): Found 1 design units, including 1 entities, in source file t2b_riscv_cpu.v
    Info (12023): Found entity 1: t2b_riscv_cpu File: /home/saish_k/Eyantra/task 2/t2b_riscv_cpu(1)/t2b_riscv_cpu/t2b_riscv_cpu.v Line: 17
Info (12127): Elaborating entity "t2b_riscv_cpu" for the top level hierarchy
Warning (10230): Verilog HDL assignment warning at t2b_riscv_cpu.v(36): truncated value with size 32 to match size of target (1) File: /home/saish_k/Eyantra/task 2/t2b_riscv_cpu(1)/t2b_riscv_cpu/t2b_riscv_cpu.v Line: 36
Info (12128): Elaborating entity "riscv_cpu" for hierarchy "riscv_cpu:rvsingle" File: /home/saish_k/Eyantra/task 2/t2b_riscv_cpu(1)/t2b_riscv_cpu/t2b_riscv_cpu.v Line: 31
Info (12128): Elaborating entity "PC" for hierarchy "riscv_cpu:rvsingle|PC:b2v_inst" File: /home/saish_k/Eyantra/task 2/t2b_riscv_cpu(1)/t2b_riscv_cpu/riscv_cpu.v Line: 70
Info (12128): Elaborating entity "alu" for hierarchy "riscv_cpu:rvsingle|alu:b2v_inst1" File: /home/saish_k/Eyantra/task 2/t2b_riscv_cpu(1)/t2b_riscv_cpu/riscv_cpu.v Line: 78
Warning (10762): Verilog HDL Case Statement warning at alu.v(18): can't check case statement for completeness because the case expression has too many possible states File: /home/saish_k/Eyantra/task 2/t2b_riscv_cpu(1)/t2b_riscv_cpu/verilog_codes/alu.v Line: 18
Info (10264): Verilog HDL Case Statement information at alu.v(18): all case item expressions in this case statement are onehot File: /home/saish_k/Eyantra/task 2/t2b_riscv_cpu(1)/t2b_riscv_cpu/verilog_codes/alu.v Line: 18
Info (12128): Elaborating entity "control_unit" for hierarchy "riscv_cpu:rvsingle|control_unit:b2v_inst2" File: /home/saish_k/Eyantra/task 2/t2b_riscv_cpu(1)/t2b_riscv_cpu/riscv_cpu.v Line: 99
Warning (10230): Verilog HDL assignment warning at control_unit.v(52): truncated value with size 2 to match size of target (1) File: /home/saish_k/Eyantra/task 2/t2b_riscv_cpu(1)/t2b_riscv_cpu/verilog_codes/control_unit.v Line: 52
Warning (10230): Verilog HDL assignment warning at control_unit.v(62): truncated value with size 2 to match size of target (1) File: /home/saish_k/Eyantra/task 2/t2b_riscv_cpu(1)/t2b_riscv_cpu/verilog_codes/control_unit.v Line: 62
Warning (10762): Verilog HDL Case Statement warning at control_unit.v(63): can't check case statement for completeness because the case expression has too many possible states File: /home/saish_k/Eyantra/task 2/t2b_riscv_cpu(1)/t2b_riscv_cpu/verilog_codes/control_unit.v Line: 63
Info (10264): Verilog HDL Case Statement information at control_unit.v(63): all case item expressions in this case statement are onehot File: /home/saish_k/Eyantra/task 2/t2b_riscv_cpu(1)/t2b_riscv_cpu/verilog_codes/control_unit.v Line: 63
Warning (10230): Verilog HDL assignment warning at control_unit.v(81): truncated value with size 2 to match size of target (1) File: /home/saish_k/Eyantra/task 2/t2b_riscv_cpu(1)/t2b_riscv_cpu/verilog_codes/control_unit.v Line: 81
Warning (10230): Verilog HDL assignment warning at control_unit.v(87): truncated value with size 2 to match size of target (1) File: /home/saish_k/Eyantra/task 2/t2b_riscv_cpu(1)/t2b_riscv_cpu/verilog_codes/control_unit.v Line: 87
Warning (10230): Verilog HDL assignment warning at control_unit.v(93): truncated value with size 2 to match size of target (1) File: /home/saish_k/Eyantra/task 2/t2b_riscv_cpu(1)/t2b_riscv_cpu/verilog_codes/control_unit.v Line: 93
Warning (10230): Verilog HDL assignment warning at control_unit.v(99): truncated value with size 2 to match size of target (1) File: /home/saish_k/Eyantra/task 2/t2b_riscv_cpu(1)/t2b_riscv_cpu/verilog_codes/control_unit.v Line: 99
Warning (10230): Verilog HDL assignment warning at control_unit.v(105): truncated value with size 2 to match size of target (1) File: /home/saish_k/Eyantra/task 2/t2b_riscv_cpu(1)/t2b_riscv_cpu/verilog_codes/control_unit.v Line: 105
Warning (10230): Verilog HDL assignment warning at control_unit.v(111): truncated value with size 2 to match size of target (1) File: /home/saish_k/Eyantra/task 2/t2b_riscv_cpu(1)/t2b_riscv_cpu/verilog_codes/control_unit.v Line: 111
Warning (10762): Verilog HDL Case Statement warning at control_unit.v(77): can't check case statement for completeness because the case expression has too many possible states File: /home/saish_k/Eyantra/task 2/t2b_riscv_cpu(1)/t2b_riscv_cpu/verilog_codes/control_unit.v Line: 77
Info (10264): Verilog HDL Case Statement information at control_unit.v(77): all case item expressions in this case statement are onehot File: /home/saish_k/Eyantra/task 2/t2b_riscv_cpu(1)/t2b_riscv_cpu/verilog_codes/control_unit.v Line: 77
Warning (10230): Verilog HDL assignment warning at control_unit.v(119): truncated value with size 2 to match size of target (1) File: /home/saish_k/Eyantra/task 2/t2b_riscv_cpu(1)/t2b_riscv_cpu/verilog_codes/control_unit.v Line: 119
Warning (10230): Verilog HDL assignment warning at control_unit.v(126): truncated value with size 2 to match size of target (1) File: /home/saish_k/Eyantra/task 2/t2b_riscv_cpu(1)/t2b_riscv_cpu/verilog_codes/control_unit.v Line: 126
Warning (10272): Verilog HDL Case Statement warning at control_unit.v(130): case item expression covers a value already covered by a previous case item File: /home/saish_k/Eyantra/task 2/t2b_riscv_cpu(1)/t2b_riscv_cpu/verilog_codes/control_unit.v Line: 130
Warning (10272): Verilog HDL Case Statement warning at control_unit.v(136): case item expression covers a value already covered by a previous case item File: /home/saish_k/Eyantra/task 2/t2b_riscv_cpu(1)/t2b_riscv_cpu/verilog_codes/control_unit.v Line: 136
Info (12128): Elaborating entity "decoder" for hierarchy "riscv_cpu:rvsingle|decoder:b2v_inst3" File: /home/saish_k/Eyantra/task 2/t2b_riscv_cpu(1)/t2b_riscv_cpu/riscv_cpu.v Line: 111
Warning (10230): Verilog HDL assignment warning at decoder.v(29): truncated value with size 32 to match size of target (5) File: /home/saish_k/Eyantra/task 2/t2b_riscv_cpu(1)/t2b_riscv_cpu/verilog_codes/decoder.v Line: 29
Warning (10230): Verilog HDL assignment warning at decoder.v(30): truncated value with size 32 to match size of target (5) File: /home/saish_k/Eyantra/task 2/t2b_riscv_cpu(1)/t2b_riscv_cpu/verilog_codes/decoder.v Line: 30
Warning (10230): Verilog HDL assignment warning at decoder.v(32): truncated value with size 32 to match size of target (3) File: /home/saish_k/Eyantra/task 2/t2b_riscv_cpu(1)/t2b_riscv_cpu/verilog_codes/decoder.v Line: 32
Warning (10230): Verilog HDL assignment warning at decoder.v(33): truncated value with size 32 to match size of target (7) File: /home/saish_k/Eyantra/task 2/t2b_riscv_cpu(1)/t2b_riscv_cpu/verilog_codes/decoder.v Line: 33
Warning (10230): Verilog HDL assignment warning at decoder.v(42): truncated value with size 33 to match size of target (32) File: /home/saish_k/Eyantra/task 2/t2b_riscv_cpu(1)/t2b_riscv_cpu/verilog_codes/decoder.v Line: 42
Info (12128): Elaborating entity "registerfile" for hierarchy "riscv_cpu:rvsingle|registerfile:b2v_inst4" File: /home/saish_k/Eyantra/task 2/t2b_riscv_cpu(1)/t2b_riscv_cpu/riscv_cpu.v Line: 124
Warning (10240): Verilog HDL Always Construct warning at registerfile.v(53): inferring latch(es) for variable "rs1_value", which holds its previous value in one or more paths through the always construct File: /home/saish_k/Eyantra/task 2/t2b_riscv_cpu(1)/t2b_riscv_cpu/verilog_codes/registerfile.v Line: 53
Warning (10240): Verilog HDL Always Construct warning at registerfile.v(53): inferring latch(es) for variable "rs2_value", which holds its previous value in one or more paths through the always construct File: /home/saish_k/Eyantra/task 2/t2b_riscv_cpu(1)/t2b_riscv_cpu/verilog_codes/registerfile.v Line: 53
Info (10041): Inferred latch for "rs2_value[0]" at registerfile.v(53) File: /home/saish_k/Eyantra/task 2/t2b_riscv_cpu(1)/t2b_riscv_cpu/verilog_codes/registerfile.v Line: 53
Info (10041): Inferred latch for "rs2_value[1]" at registerfile.v(53) File: /home/saish_k/Eyantra/task 2/t2b_riscv_cpu(1)/t2b_riscv_cpu/verilog_codes/registerfile.v Line: 53
Info (10041): Inferred latch for "rs2_value[2]" at registerfile.v(53) File: /home/saish_k/Eyantra/task 2/t2b_riscv_cpu(1)/t2b_riscv_cpu/verilog_codes/registerfile.v Line: 53
Info (10041): Inferred latch for "rs2_value[3]" at registerfile.v(53) File: /home/saish_k/Eyantra/task 2/t2b_riscv_cpu(1)/t2b_riscv_cpu/verilog_codes/registerfile.v Line: 53
Info (10041): Inferred latch for "rs2_value[4]" at registerfile.v(53) File: /home/saish_k/Eyantra/task 2/t2b_riscv_cpu(1)/t2b_riscv_cpu/verilog_codes/registerfile.v Line: 53
Info (10041): Inferred latch for "rs2_value[5]" at registerfile.v(53) File: /home/saish_k/Eyantra/task 2/t2b_riscv_cpu(1)/t2b_riscv_cpu/verilog_codes/registerfile.v Line: 53
Info (10041): Inferred latch for "rs2_value[6]" at registerfile.v(53) File: /home/saish_k/Eyantra/task 2/t2b_riscv_cpu(1)/t2b_riscv_cpu/verilog_codes/registerfile.v Line: 53
Info (10041): Inferred latch for "rs2_value[7]" at registerfile.v(53) File: /home/saish_k/Eyantra/task 2/t2b_riscv_cpu(1)/t2b_riscv_cpu/verilog_codes/registerfile.v Line: 53
Info (10041): Inferred latch for "rs2_value[8]" at registerfile.v(53) File: /home/saish_k/Eyantra/task 2/t2b_riscv_cpu(1)/t2b_riscv_cpu/verilog_codes/registerfile.v Line: 53
Info (10041): Inferred latch for "rs2_value[9]" at registerfile.v(53) File: /home/saish_k/Eyantra/task 2/t2b_riscv_cpu(1)/t2b_riscv_cpu/verilog_codes/registerfile.v Line: 53
Info (10041): Inferred latch for "rs2_value[10]" at registerfile.v(53) File: /home/saish_k/Eyantra/task 2/t2b_riscv_cpu(1)/t2b_riscv_cpu/verilog_codes/registerfile.v Line: 53
Info (10041): Inferred latch for "rs2_value[11]" at registerfile.v(53) File: /home/saish_k/Eyantra/task 2/t2b_riscv_cpu(1)/t2b_riscv_cpu/verilog_codes/registerfile.v Line: 53
Info (10041): Inferred latch for "rs2_value[12]" at registerfile.v(53) File: /home/saish_k/Eyantra/task 2/t2b_riscv_cpu(1)/t2b_riscv_cpu/verilog_codes/registerfile.v Line: 53
Info (10041): Inferred latch for "rs2_value[13]" at registerfile.v(53) File: /home/saish_k/Eyantra/task 2/t2b_riscv_cpu(1)/t2b_riscv_cpu/verilog_codes/registerfile.v Line: 53
Info (10041): Inferred latch for "rs2_value[14]" at registerfile.v(53) File: /home/saish_k/Eyantra/task 2/t2b_riscv_cpu(1)/t2b_riscv_cpu/verilog_codes/registerfile.v Line: 53
Info (10041): Inferred latch for "rs2_value[15]" at registerfile.v(53) File: /home/saish_k/Eyantra/task 2/t2b_riscv_cpu(1)/t2b_riscv_cpu/verilog_codes/registerfile.v Line: 53
Info (10041): Inferred latch for "rs2_value[16]" at registerfile.v(53) File: /home/saish_k/Eyantra/task 2/t2b_riscv_cpu(1)/t2b_riscv_cpu/verilog_codes/registerfile.v Line: 53
Info (10041): Inferred latch for "rs2_value[17]" at registerfile.v(53) File: /home/saish_k/Eyantra/task 2/t2b_riscv_cpu(1)/t2b_riscv_cpu/verilog_codes/registerfile.v Line: 53
Info (10041): Inferred latch for "rs2_value[18]" at registerfile.v(53) File: /home/saish_k/Eyantra/task 2/t2b_riscv_cpu(1)/t2b_riscv_cpu/verilog_codes/registerfile.v Line: 53
Info (10041): Inferred latch for "rs2_value[19]" at registerfile.v(53) File: /home/saish_k/Eyantra/task 2/t2b_riscv_cpu(1)/t2b_riscv_cpu/verilog_codes/registerfile.v Line: 53
Info (10041): Inferred latch for "rs2_value[20]" at registerfile.v(53) File: /home/saish_k/Eyantra/task 2/t2b_riscv_cpu(1)/t2b_riscv_cpu/verilog_codes/registerfile.v Line: 53
Info (10041): Inferred latch for "rs2_value[21]" at registerfile.v(53) File: /home/saish_k/Eyantra/task 2/t2b_riscv_cpu(1)/t2b_riscv_cpu/verilog_codes/registerfile.v Line: 53
Info (10041): Inferred latch for "rs2_value[22]" at registerfile.v(53) File: /home/saish_k/Eyantra/task 2/t2b_riscv_cpu(1)/t2b_riscv_cpu/verilog_codes/registerfile.v Line: 53
Info (10041): Inferred latch for "rs2_value[23]" at registerfile.v(53) File: /home/saish_k/Eyantra/task 2/t2b_riscv_cpu(1)/t2b_riscv_cpu/verilog_codes/registerfile.v Line: 53
Info (10041): Inferred latch for "rs2_value[24]" at registerfile.v(53) File: /home/saish_k/Eyantra/task 2/t2b_riscv_cpu(1)/t2b_riscv_cpu/verilog_codes/registerfile.v Line: 53
Info (10041): Inferred latch for "rs2_value[25]" at registerfile.v(53) File: /home/saish_k/Eyantra/task 2/t2b_riscv_cpu(1)/t2b_riscv_cpu/verilog_codes/registerfile.v Line: 53
Info (10041): Inferred latch for "rs2_value[26]" at registerfile.v(53) File: /home/saish_k/Eyantra/task 2/t2b_riscv_cpu(1)/t2b_riscv_cpu/verilog_codes/registerfile.v Line: 53
Info (10041): Inferred latch for "rs2_value[27]" at registerfile.v(53) File: /home/saish_k/Eyantra/task 2/t2b_riscv_cpu(1)/t2b_riscv_cpu/verilog_codes/registerfile.v Line: 53
Info (10041): Inferred latch for "rs2_value[28]" at registerfile.v(53) File: /home/saish_k/Eyantra/task 2/t2b_riscv_cpu(1)/t2b_riscv_cpu/verilog_codes/registerfile.v Line: 53
Info (10041): Inferred latch for "rs2_value[29]" at registerfile.v(53) File: /home/saish_k/Eyantra/task 2/t2b_riscv_cpu(1)/t2b_riscv_cpu/verilog_codes/registerfile.v Line: 53
Info (10041): Inferred latch for "rs2_value[30]" at registerfile.v(53) File: /home/saish_k/Eyantra/task 2/t2b_riscv_cpu(1)/t2b_riscv_cpu/verilog_codes/registerfile.v Line: 53
Info (10041): Inferred latch for "rs2_value[31]" at registerfile.v(53) File: /home/saish_k/Eyantra/task 2/t2b_riscv_cpu(1)/t2b_riscv_cpu/verilog_codes/registerfile.v Line: 53
Info (10041): Inferred latch for "rs1_value[0]" at registerfile.v(53) File: /home/saish_k/Eyantra/task 2/t2b_riscv_cpu(1)/t2b_riscv_cpu/verilog_codes/registerfile.v Line: 53
Info (10041): Inferred latch for "rs1_value[1]" at registerfile.v(53) File: /home/saish_k/Eyantra/task 2/t2b_riscv_cpu(1)/t2b_riscv_cpu/verilog_codes/registerfile.v Line: 53
Info (10041): Inferred latch for "rs1_value[2]" at registerfile.v(53) File: /home/saish_k/Eyantra/task 2/t2b_riscv_cpu(1)/t2b_riscv_cpu/verilog_codes/registerfile.v Line: 53
Info (10041): Inferred latch for "rs1_value[3]" at registerfile.v(53) File: /home/saish_k/Eyantra/task 2/t2b_riscv_cpu(1)/t2b_riscv_cpu/verilog_codes/registerfile.v Line: 53
Info (10041): Inferred latch for "rs1_value[4]" at registerfile.v(53) File: /home/saish_k/Eyantra/task 2/t2b_riscv_cpu(1)/t2b_riscv_cpu/verilog_codes/registerfile.v Line: 53
Info (10041): Inferred latch for "rs1_value[5]" at registerfile.v(53) File: /home/saish_k/Eyantra/task 2/t2b_riscv_cpu(1)/t2b_riscv_cpu/verilog_codes/registerfile.v Line: 53
Info (10041): Inferred latch for "rs1_value[6]" at registerfile.v(53) File: /home/saish_k/Eyantra/task 2/t2b_riscv_cpu(1)/t2b_riscv_cpu/verilog_codes/registerfile.v Line: 53
Info (10041): Inferred latch for "rs1_value[7]" at registerfile.v(53) File: /home/saish_k/Eyantra/task 2/t2b_riscv_cpu(1)/t2b_riscv_cpu/verilog_codes/registerfile.v Line: 53
Info (10041): Inferred latch for "rs1_value[8]" at registerfile.v(53) File: /home/saish_k/Eyantra/task 2/t2b_riscv_cpu(1)/t2b_riscv_cpu/verilog_codes/registerfile.v Line: 53
Info (10041): Inferred latch for "rs1_value[9]" at registerfile.v(53) File: /home/saish_k/Eyantra/task 2/t2b_riscv_cpu(1)/t2b_riscv_cpu/verilog_codes/registerfile.v Line: 53
Info (10041): Inferred latch for "rs1_value[10]" at registerfile.v(53) File: /home/saish_k/Eyantra/task 2/t2b_riscv_cpu(1)/t2b_riscv_cpu/verilog_codes/registerfile.v Line: 53
Info (10041): Inferred latch for "rs1_value[11]" at registerfile.v(53) File: /home/saish_k/Eyantra/task 2/t2b_riscv_cpu(1)/t2b_riscv_cpu/verilog_codes/registerfile.v Line: 53
Info (10041): Inferred latch for "rs1_value[12]" at registerfile.v(53) File: /home/saish_k/Eyantra/task 2/t2b_riscv_cpu(1)/t2b_riscv_cpu/verilog_codes/registerfile.v Line: 53
Info (10041): Inferred latch for "rs1_value[13]" at registerfile.v(53) File: /home/saish_k/Eyantra/task 2/t2b_riscv_cpu(1)/t2b_riscv_cpu/verilog_codes/registerfile.v Line: 53
Info (10041): Inferred latch for "rs1_value[14]" at registerfile.v(53) File: /home/saish_k/Eyantra/task 2/t2b_riscv_cpu(1)/t2b_riscv_cpu/verilog_codes/registerfile.v Line: 53
Info (10041): Inferred latch for "rs1_value[15]" at registerfile.v(53) File: /home/saish_k/Eyantra/task 2/t2b_riscv_cpu(1)/t2b_riscv_cpu/verilog_codes/registerfile.v Line: 53
Info (10041): Inferred latch for "rs1_value[16]" at registerfile.v(53) File: /home/saish_k/Eyantra/task 2/t2b_riscv_cpu(1)/t2b_riscv_cpu/verilog_codes/registerfile.v Line: 53
Info (10041): Inferred latch for "rs1_value[17]" at registerfile.v(53) File: /home/saish_k/Eyantra/task 2/t2b_riscv_cpu(1)/t2b_riscv_cpu/verilog_codes/registerfile.v Line: 53
Info (10041): Inferred latch for "rs1_value[18]" at registerfile.v(53) File: /home/saish_k/Eyantra/task 2/t2b_riscv_cpu(1)/t2b_riscv_cpu/verilog_codes/registerfile.v Line: 53
Info (10041): Inferred latch for "rs1_value[19]" at registerfile.v(53) File: /home/saish_k/Eyantra/task 2/t2b_riscv_cpu(1)/t2b_riscv_cpu/verilog_codes/registerfile.v Line: 53
Info (10041): Inferred latch for "rs1_value[20]" at registerfile.v(53) File: /home/saish_k/Eyantra/task 2/t2b_riscv_cpu(1)/t2b_riscv_cpu/verilog_codes/registerfile.v Line: 53
Info (10041): Inferred latch for "rs1_value[21]" at registerfile.v(53) File: /home/saish_k/Eyantra/task 2/t2b_riscv_cpu(1)/t2b_riscv_cpu/verilog_codes/registerfile.v Line: 53
Info (10041): Inferred latch for "rs1_value[22]" at registerfile.v(53) File: /home/saish_k/Eyantra/task 2/t2b_riscv_cpu(1)/t2b_riscv_cpu/verilog_codes/registerfile.v Line: 53
Info (10041): Inferred latch for "rs1_value[23]" at registerfile.v(53) File: /home/saish_k/Eyantra/task 2/t2b_riscv_cpu(1)/t2b_riscv_cpu/verilog_codes/registerfile.v Line: 53
Info (10041): Inferred latch for "rs1_value[24]" at registerfile.v(53) File: /home/saish_k/Eyantra/task 2/t2b_riscv_cpu(1)/t2b_riscv_cpu/verilog_codes/registerfile.v Line: 53
Info (10041): Inferred latch for "rs1_value[25]" at registerfile.v(53) File: /home/saish_k/Eyantra/task 2/t2b_riscv_cpu(1)/t2b_riscv_cpu/verilog_codes/registerfile.v Line: 53
Info (10041): Inferred latch for "rs1_value[26]" at registerfile.v(53) File: /home/saish_k/Eyantra/task 2/t2b_riscv_cpu(1)/t2b_riscv_cpu/verilog_codes/registerfile.v Line: 53
Info (10041): Inferred latch for "rs1_value[27]" at registerfile.v(53) File: /home/saish_k/Eyantra/task 2/t2b_riscv_cpu(1)/t2b_riscv_cpu/verilog_codes/registerfile.v Line: 53
Info (10041): Inferred latch for "rs1_value[28]" at registerfile.v(53) File: /home/saish_k/Eyantra/task 2/t2b_riscv_cpu(1)/t2b_riscv_cpu/verilog_codes/registerfile.v Line: 53
Info (10041): Inferred latch for "rs1_value[29]" at registerfile.v(53) File: /home/saish_k/Eyantra/task 2/t2b_riscv_cpu(1)/t2b_riscv_cpu/verilog_codes/registerfile.v Line: 53
Info (10041): Inferred latch for "rs1_value[30]" at registerfile.v(53) File: /home/saish_k/Eyantra/task 2/t2b_riscv_cpu(1)/t2b_riscv_cpu/verilog_codes/registerfile.v Line: 53
Info (10041): Inferred latch for "rs1_value[31]" at registerfile.v(53) File: /home/saish_k/Eyantra/task 2/t2b_riscv_cpu(1)/t2b_riscv_cpu/verilog_codes/registerfile.v Line: 53
Info (12128): Elaborating entity "instr_mem" for hierarchy "instr_mem:imem" File: /home/saish_k/Eyantra/task 2/t2b_riscv_cpu(1)/t2b_riscv_cpu/t2b_riscv_cpu.v Line: 32
Warning (10030): Net "instr_ram.data_a" at instr_mem.v(10) has no driver or initial value, using a default initial value '0' File: /home/saish_k/Eyantra/task 2/t2b_riscv_cpu(1)/t2b_riscv_cpu/instr_mem.v Line: 10
Warning (10030): Net "instr_ram.waddr_a" at instr_mem.v(10) has no driver or initial value, using a default initial value '0' File: /home/saish_k/Eyantra/task 2/t2b_riscv_cpu(1)/t2b_riscv_cpu/instr_mem.v Line: 10
Warning (10030): Net "instr_ram.we_a" at instr_mem.v(10) has no driver or initial value, using a default initial value '0' File: /home/saish_k/Eyantra/task 2/t2b_riscv_cpu(1)/t2b_riscv_cpu/instr_mem.v Line: 10
Info (12128): Elaborating entity "data_mem" for hierarchy "data_mem:dmem" File: /home/saish_k/Eyantra/task 2/t2b_riscv_cpu(1)/t2b_riscv_cpu/t2b_riscv_cpu.v Line: 33
Info (276014): Found 1 instances of uninferred RAM logic
    Info (276007): RAM logic "data_mem:dmem|data_ram" is uninferred due to asynchronous read logic File: /home/saish_k/Eyantra/task 2/t2b_riscv_cpu(1)/t2b_riscv_cpu/data_mem.v Line: 11
Warning (13012): Latch riscv_cpu:rvsingle|registerfile:b2v_inst4|rs2_value[0] has unsafe behavior File: /home/saish_k/Eyantra/task 2/t2b_riscv_cpu(1)/t2b_riscv_cpu/verilog_codes/registerfile.v Line: 53
    Warning (13013): Ports D and ENA on the latch are fed by the same signal riscv_cpu:rvsingle|PC:b2v_inst|next_pc[10] File: /home/saish_k/Eyantra/task 2/t2b_riscv_cpu(1)/t2b_riscv_cpu/verilog_codes/pc.v Line: 11
Warning (13012): Latch riscv_cpu:rvsingle|registerfile:b2v_inst4|rs2_value[1] has unsafe behavior File: /home/saish_k/Eyantra/task 2/t2b_riscv_cpu(1)/t2b_riscv_cpu/verilog_codes/registerfile.v Line: 53
    Warning (13013): Ports D and ENA on the latch are fed by the same signal riscv_cpu:rvsingle|PC:b2v_inst|next_pc[10] File: /home/saish_k/Eyantra/task 2/t2b_riscv_cpu(1)/t2b_riscv_cpu/verilog_codes/pc.v Line: 11
Warning (13012): Latch riscv_cpu:rvsingle|registerfile:b2v_inst4|rs2_value[2] has unsafe behavior File: /home/saish_k/Eyantra/task 2/t2b_riscv_cpu(1)/t2b_riscv_cpu/verilog_codes/registerfile.v Line: 53
    Warning (13013): Ports D and ENA on the latch are fed by the same signal riscv_cpu:rvsingle|PC:b2v_inst|next_pc[10] File: /home/saish_k/Eyantra/task 2/t2b_riscv_cpu(1)/t2b_riscv_cpu/verilog_codes/pc.v Line: 11
Warning (13012): Latch riscv_cpu:rvsingle|registerfile:b2v_inst4|rs2_value[3] has unsafe behavior File: /home/saish_k/Eyantra/task 2/t2b_riscv_cpu(1)/t2b_riscv_cpu/verilog_codes/registerfile.v Line: 53
    Warning (13013): Ports D and ENA on the latch are fed by the same signal riscv_cpu:rvsingle|PC:b2v_inst|next_pc[10] File: /home/saish_k/Eyantra/task 2/t2b_riscv_cpu(1)/t2b_riscv_cpu/verilog_codes/pc.v Line: 11
Warning (13012): Latch riscv_cpu:rvsingle|registerfile:b2v_inst4|rs2_value[4] has unsafe behavior File: /home/saish_k/Eyantra/task 2/t2b_riscv_cpu(1)/t2b_riscv_cpu/verilog_codes/registerfile.v Line: 53
    Warning (13013): Ports D and ENA on the latch are fed by the same signal riscv_cpu:rvsingle|PC:b2v_inst|next_pc[10] File: /home/saish_k/Eyantra/task 2/t2b_riscv_cpu(1)/t2b_riscv_cpu/verilog_codes/pc.v Line: 11
Warning (13012): Latch riscv_cpu:rvsingle|registerfile:b2v_inst4|rs2_value[5] has unsafe behavior File: /home/saish_k/Eyantra/task 2/t2b_riscv_cpu(1)/t2b_riscv_cpu/verilog_codes/registerfile.v Line: 53
    Warning (13013): Ports D and ENA on the latch are fed by the same signal riscv_cpu:rvsingle|PC:b2v_inst|next_pc[10] File: /home/saish_k/Eyantra/task 2/t2b_riscv_cpu(1)/t2b_riscv_cpu/verilog_codes/pc.v Line: 11
Warning (13012): Latch riscv_cpu:rvsingle|registerfile:b2v_inst4|rs2_value[6] has unsafe behavior File: /home/saish_k/Eyantra/task 2/t2b_riscv_cpu(1)/t2b_riscv_cpu/verilog_codes/registerfile.v Line: 53
    Warning (13013): Ports D and ENA on the latch are fed by the same signal riscv_cpu:rvsingle|PC:b2v_inst|next_pc[10] File: /home/saish_k/Eyantra/task 2/t2b_riscv_cpu(1)/t2b_riscv_cpu/verilog_codes/pc.v Line: 11
Warning (13012): Latch riscv_cpu:rvsingle|registerfile:b2v_inst4|rs2_value[7] has unsafe behavior File: /home/saish_k/Eyantra/task 2/t2b_riscv_cpu(1)/t2b_riscv_cpu/verilog_codes/registerfile.v Line: 53
    Warning (13013): Ports D and ENA on the latch are fed by the same signal riscv_cpu:rvsingle|PC:b2v_inst|next_pc[10] File: /home/saish_k/Eyantra/task 2/t2b_riscv_cpu(1)/t2b_riscv_cpu/verilog_codes/pc.v Line: 11
Warning (13012): Latch riscv_cpu:rvsingle|registerfile:b2v_inst4|rs2_value[8] has unsafe behavior File: /home/saish_k/Eyantra/task 2/t2b_riscv_cpu(1)/t2b_riscv_cpu/verilog_codes/registerfile.v Line: 53
    Warning (13013): Ports D and ENA on the latch are fed by the same signal riscv_cpu:rvsingle|PC:b2v_inst|next_pc[10] File: /home/saish_k/Eyantra/task 2/t2b_riscv_cpu(1)/t2b_riscv_cpu/verilog_codes/pc.v Line: 11
Warning (13012): Latch riscv_cpu:rvsingle|registerfile:b2v_inst4|rs2_value[9] has unsafe behavior File: /home/saish_k/Eyantra/task 2/t2b_riscv_cpu(1)/t2b_riscv_cpu/verilog_codes/registerfile.v Line: 53
    Warning (13013): Ports D and ENA on the latch are fed by the same signal riscv_cpu:rvsingle|PC:b2v_inst|next_pc[10] File: /home/saish_k/Eyantra/task 2/t2b_riscv_cpu(1)/t2b_riscv_cpu/verilog_codes/pc.v Line: 11
Warning (13012): Latch riscv_cpu:rvsingle|registerfile:b2v_inst4|rs2_value[10] has unsafe behavior File: /home/saish_k/Eyantra/task 2/t2b_riscv_cpu(1)/t2b_riscv_cpu/verilog_codes/registerfile.v Line: 53
    Warning (13013): Ports D and ENA on the latch are fed by the same signal riscv_cpu:rvsingle|PC:b2v_inst|next_pc[10] File: /home/saish_k/Eyantra/task 2/t2b_riscv_cpu(1)/t2b_riscv_cpu/verilog_codes/pc.v Line: 11
Warning (13012): Latch riscv_cpu:rvsingle|registerfile:b2v_inst4|rs2_value[11] has unsafe behavior File: /home/saish_k/Eyantra/task 2/t2b_riscv_cpu(1)/t2b_riscv_cpu/verilog_codes/registerfile.v Line: 53
    Warning (13013): Ports D and ENA on the latch are fed by the same signal riscv_cpu:rvsingle|PC:b2v_inst|next_pc[10] File: /home/saish_k/Eyantra/task 2/t2b_riscv_cpu(1)/t2b_riscv_cpu/verilog_codes/pc.v Line: 11
Warning (13012): Latch riscv_cpu:rvsingle|registerfile:b2v_inst4|rs2_value[12] has unsafe behavior File: /home/saish_k/Eyantra/task 2/t2b_riscv_cpu(1)/t2b_riscv_cpu/verilog_codes/registerfile.v Line: 53
    Warning (13013): Ports D and ENA on the latch are fed by the same signal riscv_cpu:rvsingle|PC:b2v_inst|next_pc[10] File: /home/saish_k/Eyantra/task 2/t2b_riscv_cpu(1)/t2b_riscv_cpu/verilog_codes/pc.v Line: 11
Warning (13012): Latch riscv_cpu:rvsingle|registerfile:b2v_inst4|rs2_value[13] has unsafe behavior File: /home/saish_k/Eyantra/task 2/t2b_riscv_cpu(1)/t2b_riscv_cpu/verilog_codes/registerfile.v Line: 53
    Warning (13013): Ports D and ENA on the latch are fed by the same signal riscv_cpu:rvsingle|PC:b2v_inst|next_pc[10] File: /home/saish_k/Eyantra/task 2/t2b_riscv_cpu(1)/t2b_riscv_cpu/verilog_codes/pc.v Line: 11
Warning (13012): Latch riscv_cpu:rvsingle|registerfile:b2v_inst4|rs2_value[14] has unsafe behavior File: /home/saish_k/Eyantra/task 2/t2b_riscv_cpu(1)/t2b_riscv_cpu/verilog_codes/registerfile.v Line: 53
    Warning (13013): Ports D and ENA on the latch are fed by the same signal riscv_cpu:rvsingle|PC:b2v_inst|next_pc[10] File: /home/saish_k/Eyantra/task 2/t2b_riscv_cpu(1)/t2b_riscv_cpu/verilog_codes/pc.v Line: 11
Warning (13012): Latch riscv_cpu:rvsingle|registerfile:b2v_inst4|rs2_value[15] has unsafe behavior File: /home/saish_k/Eyantra/task 2/t2b_riscv_cpu(1)/t2b_riscv_cpu/verilog_codes/registerfile.v Line: 53
    Warning (13013): Ports D and ENA on the latch are fed by the same signal riscv_cpu:rvsingle|PC:b2v_inst|next_pc[10] File: /home/saish_k/Eyantra/task 2/t2b_riscv_cpu(1)/t2b_riscv_cpu/verilog_codes/pc.v Line: 11
Warning (13012): Latch riscv_cpu:rvsingle|registerfile:b2v_inst4|rs1_value[0] has unsafe behavior File: /home/saish_k/Eyantra/task 2/t2b_riscv_cpu(1)/t2b_riscv_cpu/verilog_codes/registerfile.v Line: 53
    Warning (13013): Ports D and ENA on the latch are fed by the same signal riscv_cpu:rvsingle|PC:b2v_inst|next_pc[10] File: /home/saish_k/Eyantra/task 2/t2b_riscv_cpu(1)/t2b_riscv_cpu/verilog_codes/pc.v Line: 11
Warning (13012): Latch riscv_cpu:rvsingle|registerfile:b2v_inst4|rs1_value[1] has unsafe behavior File: /home/saish_k/Eyantra/task 2/t2b_riscv_cpu(1)/t2b_riscv_cpu/verilog_codes/registerfile.v Line: 53
    Warning (13013): Ports D and ENA on the latch are fed by the same signal riscv_cpu:rvsingle|PC:b2v_inst|next_pc[10] File: /home/saish_k/Eyantra/task 2/t2b_riscv_cpu(1)/t2b_riscv_cpu/verilog_codes/pc.v Line: 11
Warning (13012): Latch riscv_cpu:rvsingle|registerfile:b2v_inst4|rs1_value[2] has unsafe behavior File: /home/saish_k/Eyantra/task 2/t2b_riscv_cpu(1)/t2b_riscv_cpu/verilog_codes/registerfile.v Line: 53
    Warning (13013): Ports D and ENA on the latch are fed by the same signal riscv_cpu:rvsingle|PC:b2v_inst|next_pc[10] File: /home/saish_k/Eyantra/task 2/t2b_riscv_cpu(1)/t2b_riscv_cpu/verilog_codes/pc.v Line: 11
Warning (13012): Latch riscv_cpu:rvsingle|registerfile:b2v_inst4|rs1_value[3] has unsafe behavior File: /home/saish_k/Eyantra/task 2/t2b_riscv_cpu(1)/t2b_riscv_cpu/verilog_codes/registerfile.v Line: 53
    Warning (13013): Ports D and ENA on the latch are fed by the same signal riscv_cpu:rvsingle|PC:b2v_inst|next_pc[10] File: /home/saish_k/Eyantra/task 2/t2b_riscv_cpu(1)/t2b_riscv_cpu/verilog_codes/pc.v Line: 11
Warning (13012): Latch riscv_cpu:rvsingle|registerfile:b2v_inst4|rs1_value[4] has unsafe behavior File: /home/saish_k/Eyantra/task 2/t2b_riscv_cpu(1)/t2b_riscv_cpu/verilog_codes/registerfile.v Line: 53
    Warning (13013): Ports D and ENA on the latch are fed by the same signal riscv_cpu:rvsingle|PC:b2v_inst|next_pc[10] File: /home/saish_k/Eyantra/task 2/t2b_riscv_cpu(1)/t2b_riscv_cpu/verilog_codes/pc.v Line: 11
Warning (13012): Latch riscv_cpu:rvsingle|registerfile:b2v_inst4|rs1_value[5] has unsafe behavior File: /home/saish_k/Eyantra/task 2/t2b_riscv_cpu(1)/t2b_riscv_cpu/verilog_codes/registerfile.v Line: 53
    Warning (13013): Ports D and ENA on the latch are fed by the same signal riscv_cpu:rvsingle|PC:b2v_inst|next_pc[10] File: /home/saish_k/Eyantra/task 2/t2b_riscv_cpu(1)/t2b_riscv_cpu/verilog_codes/pc.v Line: 11
Warning (13012): Latch riscv_cpu:rvsingle|registerfile:b2v_inst4|rs1_value[6] has unsafe behavior File: /home/saish_k/Eyantra/task 2/t2b_riscv_cpu(1)/t2b_riscv_cpu/verilog_codes/registerfile.v Line: 53
    Warning (13013): Ports D and ENA on the latch are fed by the same signal riscv_cpu:rvsingle|PC:b2v_inst|next_pc[10] File: /home/saish_k/Eyantra/task 2/t2b_riscv_cpu(1)/t2b_riscv_cpu/verilog_codes/pc.v Line: 11
Warning (13012): Latch riscv_cpu:rvsingle|registerfile:b2v_inst4|rs1_value[7] has unsafe behavior File: /home/saish_k/Eyantra/task 2/t2b_riscv_cpu(1)/t2b_riscv_cpu/verilog_codes/registerfile.v Line: 53
    Warning (13013): Ports D and ENA on the latch are fed by the same signal riscv_cpu:rvsingle|PC:b2v_inst|next_pc[10] File: /home/saish_k/Eyantra/task 2/t2b_riscv_cpu(1)/t2b_riscv_cpu/verilog_codes/pc.v Line: 11
Warning (13012): Latch riscv_cpu:rvsingle|registerfile:b2v_inst4|rs1_value[8] has unsafe behavior File: /home/saish_k/Eyantra/task 2/t2b_riscv_cpu(1)/t2b_riscv_cpu/verilog_codes/registerfile.v Line: 53
    Warning (13013): Ports D and ENA on the latch are fed by the same signal riscv_cpu:rvsingle|PC:b2v_inst|next_pc[10] File: /home/saish_k/Eyantra/task 2/t2b_riscv_cpu(1)/t2b_riscv_cpu/verilog_codes/pc.v Line: 11
Warning (13012): Latch riscv_cpu:rvsingle|registerfile:b2v_inst4|rs1_value[9] has unsafe behavior File: /home/saish_k/Eyantra/task 2/t2b_riscv_cpu(1)/t2b_riscv_cpu/verilog_codes/registerfile.v Line: 53
    Warning (13013): Ports D and ENA on the latch are fed by the same signal riscv_cpu:rvsingle|PC:b2v_inst|next_pc[10] File: /home/saish_k/Eyantra/task 2/t2b_riscv_cpu(1)/t2b_riscv_cpu/verilog_codes/pc.v Line: 11
Warning (13012): Latch riscv_cpu:rvsingle|registerfile:b2v_inst4|rs1_value[10] has unsafe behavior File: /home/saish_k/Eyantra/task 2/t2b_riscv_cpu(1)/t2b_riscv_cpu/verilog_codes/registerfile.v Line: 53
    Warning (13013): Ports D and ENA on the latch are fed by the same signal riscv_cpu:rvsingle|PC:b2v_inst|next_pc[10] File: /home/saish_k/Eyantra/task 2/t2b_riscv_cpu(1)/t2b_riscv_cpu/verilog_codes/pc.v Line: 11
Warning (13012): Latch riscv_cpu:rvsingle|registerfile:b2v_inst4|rs1_value[11] has unsafe behavior File: /home/saish_k/Eyantra/task 2/t2b_riscv_cpu(1)/t2b_riscv_cpu/verilog_codes/registerfile.v Line: 53
    Warning (13013): Ports D and ENA on the latch are fed by the same signal riscv_cpu:rvsingle|PC:b2v_inst|next_pc[10] File: /home/saish_k/Eyantra/task 2/t2b_riscv_cpu(1)/t2b_riscv_cpu/verilog_codes/pc.v Line: 11
Warning (13012): Latch riscv_cpu:rvsingle|registerfile:b2v_inst4|rs1_value[12] has unsafe behavior File: /home/saish_k/Eyantra/task 2/t2b_riscv_cpu(1)/t2b_riscv_cpu/verilog_codes/registerfile.v Line: 53
    Warning (13013): Ports D and ENA on the latch are fed by the same signal riscv_cpu:rvsingle|PC:b2v_inst|next_pc[10] File: /home/saish_k/Eyantra/task 2/t2b_riscv_cpu(1)/t2b_riscv_cpu/verilog_codes/pc.v Line: 11
Warning (13012): Latch riscv_cpu:rvsingle|registerfile:b2v_inst4|rs1_value[13] has unsafe behavior File: /home/saish_k/Eyantra/task 2/t2b_riscv_cpu(1)/t2b_riscv_cpu/verilog_codes/registerfile.v Line: 53
    Warning (13013): Ports D and ENA on the latch are fed by the same signal riscv_cpu:rvsingle|PC:b2v_inst|next_pc[10] File: /home/saish_k/Eyantra/task 2/t2b_riscv_cpu(1)/t2b_riscv_cpu/verilog_codes/pc.v Line: 11
Warning (13012): Latch riscv_cpu:rvsingle|registerfile:b2v_inst4|rs1_value[14] has unsafe behavior File: /home/saish_k/Eyantra/task 2/t2b_riscv_cpu(1)/t2b_riscv_cpu/verilog_codes/registerfile.v Line: 53
    Warning (13013): Ports D and ENA on the latch are fed by the same signal riscv_cpu:rvsingle|PC:b2v_inst|next_pc[10] File: /home/saish_k/Eyantra/task 2/t2b_riscv_cpu(1)/t2b_riscv_cpu/verilog_codes/pc.v Line: 11
Warning (13012): Latch riscv_cpu:rvsingle|registerfile:b2v_inst4|rs1_value[15] has unsafe behavior File: /home/saish_k/Eyantra/task 2/t2b_riscv_cpu(1)/t2b_riscv_cpu/verilog_codes/registerfile.v Line: 53
    Warning (13013): Ports D and ENA on the latch are fed by the same signal riscv_cpu:rvsingle|PC:b2v_inst|next_pc[10] File: /home/saish_k/Eyantra/task 2/t2b_riscv_cpu(1)/t2b_riscv_cpu/verilog_codes/pc.v Line: 11
Warning (13012): Latch riscv_cpu:rvsingle|registerfile:b2v_inst4|rs1_value[16] has unsafe behavior File: /home/saish_k/Eyantra/task 2/t2b_riscv_cpu(1)/t2b_riscv_cpu/verilog_codes/registerfile.v Line: 53
    Warning (13013): Ports D and ENA on the latch are fed by the same signal riscv_cpu:rvsingle|PC:b2v_inst|next_pc[10] File: /home/saish_k/Eyantra/task 2/t2b_riscv_cpu(1)/t2b_riscv_cpu/verilog_codes/pc.v Line: 11
Warning (13012): Latch riscv_cpu:rvsingle|registerfile:b2v_inst4|rs1_value[17] has unsafe behavior File: /home/saish_k/Eyantra/task 2/t2b_riscv_cpu(1)/t2b_riscv_cpu/verilog_codes/registerfile.v Line: 53
    Warning (13013): Ports D and ENA on the latch are fed by the same signal riscv_cpu:rvsingle|PC:b2v_inst|next_pc[10] File: /home/saish_k/Eyantra/task 2/t2b_riscv_cpu(1)/t2b_riscv_cpu/verilog_codes/pc.v Line: 11
Warning (13012): Latch riscv_cpu:rvsingle|registerfile:b2v_inst4|rs1_value[18] has unsafe behavior File: /home/saish_k/Eyantra/task 2/t2b_riscv_cpu(1)/t2b_riscv_cpu/verilog_codes/registerfile.v Line: 53
    Warning (13013): Ports D and ENA on the latch are fed by the same signal riscv_cpu:rvsingle|PC:b2v_inst|next_pc[10] File: /home/saish_k/Eyantra/task 2/t2b_riscv_cpu(1)/t2b_riscv_cpu/verilog_codes/pc.v Line: 11
Warning (13012): Latch riscv_cpu:rvsingle|registerfile:b2v_inst4|rs1_value[19] has unsafe behavior File: /home/saish_k/Eyantra/task 2/t2b_riscv_cpu(1)/t2b_riscv_cpu/verilog_codes/registerfile.v Line: 53
    Warning (13013): Ports D and ENA on the latch are fed by the same signal riscv_cpu:rvsingle|PC:b2v_inst|next_pc[10] File: /home/saish_k/Eyantra/task 2/t2b_riscv_cpu(1)/t2b_riscv_cpu/verilog_codes/pc.v Line: 11
Warning (13012): Latch riscv_cpu:rvsingle|registerfile:b2v_inst4|rs1_value[20] has unsafe behavior File: /home/saish_k/Eyantra/task 2/t2b_riscv_cpu(1)/t2b_riscv_cpu/verilog_codes/registerfile.v Line: 53
    Warning (13013): Ports D and ENA on the latch are fed by the same signal riscv_cpu:rvsingle|PC:b2v_inst|next_pc[10] File: /home/saish_k/Eyantra/task 2/t2b_riscv_cpu(1)/t2b_riscv_cpu/verilog_codes/pc.v Line: 11
Warning (13012): Latch riscv_cpu:rvsingle|registerfile:b2v_inst4|rs1_value[21] has unsafe behavior File: /home/saish_k/Eyantra/task 2/t2b_riscv_cpu(1)/t2b_riscv_cpu/verilog_codes/registerfile.v Line: 53
    Warning (13013): Ports D and ENA on the latch are fed by the same signal riscv_cpu:rvsingle|PC:b2v_inst|next_pc[10] File: /home/saish_k/Eyantra/task 2/t2b_riscv_cpu(1)/t2b_riscv_cpu/verilog_codes/pc.v Line: 11
Warning (13012): Latch riscv_cpu:rvsingle|registerfile:b2v_inst4|rs1_value[22] has unsafe behavior File: /home/saish_k/Eyantra/task 2/t2b_riscv_cpu(1)/t2b_riscv_cpu/verilog_codes/registerfile.v Line: 53
    Warning (13013): Ports D and ENA on the latch are fed by the same signal riscv_cpu:rvsingle|PC:b2v_inst|next_pc[10] File: /home/saish_k/Eyantra/task 2/t2b_riscv_cpu(1)/t2b_riscv_cpu/verilog_codes/pc.v Line: 11
Warning (13012): Latch riscv_cpu:rvsingle|registerfile:b2v_inst4|rs1_value[23] has unsafe behavior File: /home/saish_k/Eyantra/task 2/t2b_riscv_cpu(1)/t2b_riscv_cpu/verilog_codes/registerfile.v Line: 53
    Warning (13013): Ports D and ENA on the latch are fed by the same signal riscv_cpu:rvsingle|PC:b2v_inst|next_pc[10] File: /home/saish_k/Eyantra/task 2/t2b_riscv_cpu(1)/t2b_riscv_cpu/verilog_codes/pc.v Line: 11
Warning (13012): Latch riscv_cpu:rvsingle|registerfile:b2v_inst4|rs1_value[24] has unsafe behavior File: /home/saish_k/Eyantra/task 2/t2b_riscv_cpu(1)/t2b_riscv_cpu/verilog_codes/registerfile.v Line: 53
    Warning (13013): Ports D and ENA on the latch are fed by the same signal riscv_cpu:rvsingle|PC:b2v_inst|next_pc[10] File: /home/saish_k/Eyantra/task 2/t2b_riscv_cpu(1)/t2b_riscv_cpu/verilog_codes/pc.v Line: 11
Warning (13012): Latch riscv_cpu:rvsingle|registerfile:b2v_inst4|rs1_value[25] has unsafe behavior File: /home/saish_k/Eyantra/task 2/t2b_riscv_cpu(1)/t2b_riscv_cpu/verilog_codes/registerfile.v Line: 53
    Warning (13013): Ports D and ENA on the latch are fed by the same signal riscv_cpu:rvsingle|PC:b2v_inst|next_pc[10] File: /home/saish_k/Eyantra/task 2/t2b_riscv_cpu(1)/t2b_riscv_cpu/verilog_codes/pc.v Line: 11
Warning (13012): Latch riscv_cpu:rvsingle|registerfile:b2v_inst4|rs1_value[26] has unsafe behavior File: /home/saish_k/Eyantra/task 2/t2b_riscv_cpu(1)/t2b_riscv_cpu/verilog_codes/registerfile.v Line: 53
    Warning (13013): Ports D and ENA on the latch are fed by the same signal riscv_cpu:rvsingle|PC:b2v_inst|next_pc[10] File: /home/saish_k/Eyantra/task 2/t2b_riscv_cpu(1)/t2b_riscv_cpu/verilog_codes/pc.v Line: 11
Warning (13012): Latch riscv_cpu:rvsingle|registerfile:b2v_inst4|rs1_value[27] has unsafe behavior File: /home/saish_k/Eyantra/task 2/t2b_riscv_cpu(1)/t2b_riscv_cpu/verilog_codes/registerfile.v Line: 53
    Warning (13013): Ports D and ENA on the latch are fed by the same signal riscv_cpu:rvsingle|PC:b2v_inst|next_pc[10] File: /home/saish_k/Eyantra/task 2/t2b_riscv_cpu(1)/t2b_riscv_cpu/verilog_codes/pc.v Line: 11
Warning (13012): Latch riscv_cpu:rvsingle|registerfile:b2v_inst4|rs1_value[28] has unsafe behavior File: /home/saish_k/Eyantra/task 2/t2b_riscv_cpu(1)/t2b_riscv_cpu/verilog_codes/registerfile.v Line: 53
    Warning (13013): Ports D and ENA on the latch are fed by the same signal riscv_cpu:rvsingle|PC:b2v_inst|next_pc[10] File: /home/saish_k/Eyantra/task 2/t2b_riscv_cpu(1)/t2b_riscv_cpu/verilog_codes/pc.v Line: 11
Warning (13012): Latch riscv_cpu:rvsingle|registerfile:b2v_inst4|rs1_value[29] has unsafe behavior File: /home/saish_k/Eyantra/task 2/t2b_riscv_cpu(1)/t2b_riscv_cpu/verilog_codes/registerfile.v Line: 53
    Warning (13013): Ports D and ENA on the latch are fed by the same signal riscv_cpu:rvsingle|PC:b2v_inst|next_pc[10] File: /home/saish_k/Eyantra/task 2/t2b_riscv_cpu(1)/t2b_riscv_cpu/verilog_codes/pc.v Line: 11
Warning (13012): Latch riscv_cpu:rvsingle|registerfile:b2v_inst4|rs1_value[30] has unsafe behavior File: /home/saish_k/Eyantra/task 2/t2b_riscv_cpu(1)/t2b_riscv_cpu/verilog_codes/registerfile.v Line: 53
    Warning (13013): Ports D and ENA on the latch are fed by the same signal riscv_cpu:rvsingle|PC:b2v_inst|next_pc[10] File: /home/saish_k/Eyantra/task 2/t2b_riscv_cpu(1)/t2b_riscv_cpu/verilog_codes/pc.v Line: 11
Warning (13012): Latch riscv_cpu:rvsingle|registerfile:b2v_inst4|rs1_value[31] has unsafe behavior File: /home/saish_k/Eyantra/task 2/t2b_riscv_cpu(1)/t2b_riscv_cpu/verilog_codes/registerfile.v Line: 53
    Warning (13013): Ports D and ENA on the latch are fed by the same signal riscv_cpu:rvsingle|PC:b2v_inst|next_pc[10] File: /home/saish_k/Eyantra/task 2/t2b_riscv_cpu(1)/t2b_riscv_cpu/verilog_codes/pc.v Line: 11
Warning (13012): Latch riscv_cpu:rvsingle|registerfile:b2v_inst4|rs2_value[31] has unsafe behavior File: /home/saish_k/Eyantra/task 2/t2b_riscv_cpu(1)/t2b_riscv_cpu/verilog_codes/registerfile.v Line: 53
    Warning (13013): Ports D and ENA on the latch are fed by the same signal riscv_cpu:rvsingle|PC:b2v_inst|next_pc[10] File: /home/saish_k/Eyantra/task 2/t2b_riscv_cpu(1)/t2b_riscv_cpu/verilog_codes/pc.v Line: 11
Warning (13012): Latch riscv_cpu:rvsingle|registerfile:b2v_inst4|rs2_value[30] has unsafe behavior File: /home/saish_k/Eyantra/task 2/t2b_riscv_cpu(1)/t2b_riscv_cpu/verilog_codes/registerfile.v Line: 53
    Warning (13013): Ports D and ENA on the latch are fed by the same signal riscv_cpu:rvsingle|PC:b2v_inst|next_pc[10] File: /home/saish_k/Eyantra/task 2/t2b_riscv_cpu(1)/t2b_riscv_cpu/verilog_codes/pc.v Line: 11
Warning (13012): Latch riscv_cpu:rvsingle|registerfile:b2v_inst4|rs2_value[29] has unsafe behavior File: /home/saish_k/Eyantra/task 2/t2b_riscv_cpu(1)/t2b_riscv_cpu/verilog_codes/registerfile.v Line: 53
    Warning (13013): Ports D and ENA on the latch are fed by the same signal riscv_cpu:rvsingle|PC:b2v_inst|next_pc[10] File: /home/saish_k/Eyantra/task 2/t2b_riscv_cpu(1)/t2b_riscv_cpu/verilog_codes/pc.v Line: 11
Warning (13012): Latch riscv_cpu:rvsingle|registerfile:b2v_inst4|rs2_value[28] has unsafe behavior File: /home/saish_k/Eyantra/task 2/t2b_riscv_cpu(1)/t2b_riscv_cpu/verilog_codes/registerfile.v Line: 53
    Warning (13013): Ports D and ENA on the latch are fed by the same signal riscv_cpu:rvsingle|PC:b2v_inst|next_pc[10] File: /home/saish_k/Eyantra/task 2/t2b_riscv_cpu(1)/t2b_riscv_cpu/verilog_codes/pc.v Line: 11
Warning (13012): Latch riscv_cpu:rvsingle|registerfile:b2v_inst4|rs2_value[27] has unsafe behavior File: /home/saish_k/Eyantra/task 2/t2b_riscv_cpu(1)/t2b_riscv_cpu/verilog_codes/registerfile.v Line: 53
    Warning (13013): Ports D and ENA on the latch are fed by the same signal riscv_cpu:rvsingle|PC:b2v_inst|next_pc[10] File: /home/saish_k/Eyantra/task 2/t2b_riscv_cpu(1)/t2b_riscv_cpu/verilog_codes/pc.v Line: 11
Warning (13012): Latch riscv_cpu:rvsingle|registerfile:b2v_inst4|rs2_value[26] has unsafe behavior File: /home/saish_k/Eyantra/task 2/t2b_riscv_cpu(1)/t2b_riscv_cpu/verilog_codes/registerfile.v Line: 53
    Warning (13013): Ports D and ENA on the latch are fed by the same signal riscv_cpu:rvsingle|PC:b2v_inst|next_pc[10] File: /home/saish_k/Eyantra/task 2/t2b_riscv_cpu(1)/t2b_riscv_cpu/verilog_codes/pc.v Line: 11
Warning (13012): Latch riscv_cpu:rvsingle|registerfile:b2v_inst4|rs2_value[25] has unsafe behavior File: /home/saish_k/Eyantra/task 2/t2b_riscv_cpu(1)/t2b_riscv_cpu/verilog_codes/registerfile.v Line: 53
    Warning (13013): Ports D and ENA on the latch are fed by the same signal riscv_cpu:rvsingle|PC:b2v_inst|next_pc[10] File: /home/saish_k/Eyantra/task 2/t2b_riscv_cpu(1)/t2b_riscv_cpu/verilog_codes/pc.v Line: 11
Warning (13012): Latch riscv_cpu:rvsingle|registerfile:b2v_inst4|rs2_value[24] has unsafe behavior File: /home/saish_k/Eyantra/task 2/t2b_riscv_cpu(1)/t2b_riscv_cpu/verilog_codes/registerfile.v Line: 53
    Warning (13013): Ports D and ENA on the latch are fed by the same signal riscv_cpu:rvsingle|PC:b2v_inst|next_pc[10] File: /home/saish_k/Eyantra/task 2/t2b_riscv_cpu(1)/t2b_riscv_cpu/verilog_codes/pc.v Line: 11
Warning (13012): Latch riscv_cpu:rvsingle|registerfile:b2v_inst4|rs2_value[23] has unsafe behavior File: /home/saish_k/Eyantra/task 2/t2b_riscv_cpu(1)/t2b_riscv_cpu/verilog_codes/registerfile.v Line: 53
    Warning (13013): Ports D and ENA on the latch are fed by the same signal riscv_cpu:rvsingle|PC:b2v_inst|next_pc[10] File: /home/saish_k/Eyantra/task 2/t2b_riscv_cpu(1)/t2b_riscv_cpu/verilog_codes/pc.v Line: 11
Warning (13012): Latch riscv_cpu:rvsingle|registerfile:b2v_inst4|rs2_value[22] has unsafe behavior File: /home/saish_k/Eyantra/task 2/t2b_riscv_cpu(1)/t2b_riscv_cpu/verilog_codes/registerfile.v Line: 53
    Warning (13013): Ports D and ENA on the latch are fed by the same signal riscv_cpu:rvsingle|PC:b2v_inst|next_pc[10] File: /home/saish_k/Eyantra/task 2/t2b_riscv_cpu(1)/t2b_riscv_cpu/verilog_codes/pc.v Line: 11
Warning (13012): Latch riscv_cpu:rvsingle|registerfile:b2v_inst4|rs2_value[21] has unsafe behavior File: /home/saish_k/Eyantra/task 2/t2b_riscv_cpu(1)/t2b_riscv_cpu/verilog_codes/registerfile.v Line: 53
    Warning (13013): Ports D and ENA on the latch are fed by the same signal riscv_cpu:rvsingle|PC:b2v_inst|next_pc[10] File: /home/saish_k/Eyantra/task 2/t2b_riscv_cpu(1)/t2b_riscv_cpu/verilog_codes/pc.v Line: 11
Warning (13012): Latch riscv_cpu:rvsingle|registerfile:b2v_inst4|rs2_value[20] has unsafe behavior File: /home/saish_k/Eyantra/task 2/t2b_riscv_cpu(1)/t2b_riscv_cpu/verilog_codes/registerfile.v Line: 53
    Warning (13013): Ports D and ENA on the latch are fed by the same signal riscv_cpu:rvsingle|PC:b2v_inst|next_pc[10] File: /home/saish_k/Eyantra/task 2/t2b_riscv_cpu(1)/t2b_riscv_cpu/verilog_codes/pc.v Line: 11
Warning (13012): Latch riscv_cpu:rvsingle|registerfile:b2v_inst4|rs2_value[19] has unsafe behavior File: /home/saish_k/Eyantra/task 2/t2b_riscv_cpu(1)/t2b_riscv_cpu/verilog_codes/registerfile.v Line: 53
    Warning (13013): Ports D and ENA on the latch are fed by the same signal riscv_cpu:rvsingle|PC:b2v_inst|next_pc[10] File: /home/saish_k/Eyantra/task 2/t2b_riscv_cpu(1)/t2b_riscv_cpu/verilog_codes/pc.v Line: 11
Warning (13012): Latch riscv_cpu:rvsingle|registerfile:b2v_inst4|rs2_value[18] has unsafe behavior File: /home/saish_k/Eyantra/task 2/t2b_riscv_cpu(1)/t2b_riscv_cpu/verilog_codes/registerfile.v Line: 53
    Warning (13013): Ports D and ENA on the latch are fed by the same signal riscv_cpu:rvsingle|PC:b2v_inst|next_pc[10] File: /home/saish_k/Eyantra/task 2/t2b_riscv_cpu(1)/t2b_riscv_cpu/verilog_codes/pc.v Line: 11
Warning (13012): Latch riscv_cpu:rvsingle|registerfile:b2v_inst4|rs2_value[17] has unsafe behavior File: /home/saish_k/Eyantra/task 2/t2b_riscv_cpu(1)/t2b_riscv_cpu/verilog_codes/registerfile.v Line: 53
    Warning (13013): Ports D and ENA on the latch are fed by the same signal riscv_cpu:rvsingle|PC:b2v_inst|next_pc[10] File: /home/saish_k/Eyantra/task 2/t2b_riscv_cpu(1)/t2b_riscv_cpu/verilog_codes/pc.v Line: 11
Warning (13012): Latch riscv_cpu:rvsingle|registerfile:b2v_inst4|rs2_value[16] has unsafe behavior File: /home/saish_k/Eyantra/task 2/t2b_riscv_cpu(1)/t2b_riscv_cpu/verilog_codes/registerfile.v Line: 53
    Warning (13013): Ports D and ENA on the latch are fed by the same signal riscv_cpu:rvsingle|PC:b2v_inst|next_pc[10] File: /home/saish_k/Eyantra/task 2/t2b_riscv_cpu(1)/t2b_riscv_cpu/verilog_codes/pc.v Line: 11
Info (286030): Timing-Driven Synthesis is running
Info (16010): Generating hard_block partition "hard_block:auto_generated_inst"
    Info (16011): Adding 0 node(s), including 0 DDIO, 0 PLL, 0 transceiver and 0 LCELL
Info (21057): Implemented 8533 device resources after synthesis - the final resource count might be different
    Info (21058): Implemented 67 input pins
    Info (21059): Implemented 97 output pins
    Info (21061): Implemented 8369 logic cells
Info: Quartus Prime Analysis & Synthesis was successful. 0 errors, 155 warnings
    Info: Peak virtual memory: 506 megabytes
    Info: Processing ended: Wed Nov  8 17:41:21 2023
    Info: Elapsed time: 00:00:25
    Info: Total CPU time (on all processors): 00:00:34


