Analysis & Elaboration report for t2b_riscv_cpu
Tue Nov 14 08:08:15 2023
Quartus Prime Version 20.1.0 Build 711 06/05/2020 SJ Lite Edition


---------------------
; Table of Contents ;
---------------------
  1. Legal Notice
  2. Analysis & Elaboration Summary
  3. Parallel Compilation
  4. Parameter Settings for User Entity Instance: riscv_cpu:rvsingle|datapath:dp|reset_ff:pcreg
  5. Parameter Settings for User Entity Instance: riscv_cpu:rvsingle|datapath:dp|adder:pcadd4
  6. Parameter Settings for User Entity Instance: riscv_cpu:rvsingle|datapath:dp|adder:pcaddbranch
  7. Parameter Settings for User Entity Instance: riscv_cpu:rvsingle|datapath:dp|mux2:pcjalrmux
  8. Parameter Settings for User Entity Instance: riscv_cpu:rvsingle|datapath:dp|mux2:pcmux
  9. Parameter Settings for User Entity Instance: riscv_cpu:rvsingle|datapath:dp|reg_file:rf
 10. Parameter Settings for User Entity Instance: riscv_cpu:rvsingle|datapath:dp|mux2:srcbmux
 11. Parameter Settings for User Entity Instance: riscv_cpu:rvsingle|datapath:dp|alu:alu
 12. Parameter Settings for User Entity Instance: riscv_cpu:rvsingle|datapath:dp|adder:auipcadd
 13. Parameter Settings for User Entity Instance: riscv_cpu:rvsingle|datapath:dp|mux2:luipcmux
 14. Parameter Settings for User Entity Instance: riscv_cpu:rvsingle|datapath:dp|mux4:resultmux
 15. Parameter Settings for User Entity Instance: instr_mem:imem
 16. Parameter Settings for User Entity Instance: data_mem:dmem
 17. Analysis & Elaboration Settings
 18. Port Connectivity Checks: "riscv_cpu:rvsingle|datapath:dp|mux2:luipcmux"
 19. Port Connectivity Checks: "riscv_cpu:rvsingle|datapath:dp|adder:auipcadd"
 20. Port Connectivity Checks: "riscv_cpu:rvsingle|datapath:dp|adder:pcadd4"
 21. Port Connectivity Checks: "riscv_cpu:rvsingle|controller:c|main_decoder:md"
 22. Analysis & Elaboration Messages
 23. Analysis & Elaboration Suppressed Messages



----------------
; Legal Notice ;
----------------
Copyright (C) 2020  Intel Corporation. All rights reserved.
Your use of Intel Corporation's design tools, logic functions 
and other software and tools, and any partner logic 
functions, and any output files from any of the foregoing 
(including device programming or simulation files), and any 
associated documentation or information are expressly subject 
to the terms and conditions of the Intel Program License 
Subscription Agreement, the Intel Quartus Prime License Agreement,
the Intel FPGA IP License Agreement, or other applicable license
agreement, including, without limitation, that your use is for
the sole purpose of programming logic devices manufactured by
Intel and sold by Intel or its authorized distributors.  Please
refer to the applicable agreement for further details, at
https://fpgasoftware.intel.com/eula.



+----------------------------------------------------------------------------------+
; Analysis & Elaboration Summary                                                   ;
+------------------------------------+---------------------------------------------+
; Analysis & Elaboration Status      ; Successful - Tue Nov 14 08:08:15 2023       ;
; Quartus Prime Version              ; 20.1.0 Build 711 06/05/2020 SJ Lite Edition ;
; Revision Name                      ; t2b_riscv_cpu                               ;
; Top-level Entity Name              ; t2b_riscv_cpu                               ;
; Family                             ; Cyclone IV E                                ;
; Total logic elements               ; N/A until Partition Merge                   ;
;     Total combinational functions  ; N/A until Partition Merge                   ;
;     Dedicated logic registers      ; N/A until Partition Merge                   ;
; Total registers                    ; N/A until Partition Merge                   ;
; Total pins                         ; N/A until Partition Merge                   ;
; Total virtual pins                 ; N/A until Partition Merge                   ;
; Total memory bits                  ; N/A until Partition Merge                   ;
; Embedded Multiplier 9-bit elements ; N/A until Partition Merge                   ;
; Total PLLs                         ; N/A until Partition Merge                   ;
+------------------------------------+---------------------------------------------+


+------------------------------------------+
; Parallel Compilation                     ;
+----------------------------+-------------+
; Processors                 ; Number      ;
+----------------------------+-------------+
; Number detected on machine ; 12          ;
; Maximum allowed            ; 12          ;
;                            ;             ;
; Average used               ; 1.00        ;
; Maximum used               ; 1           ;
;                            ;             ;
; Usage by Processor         ; % Time Used ;
;     Processor 1            ; 100.0%      ;
+----------------------------+-------------+


+--------------------------------------------------------------------------------------------+
; Parameter Settings for User Entity Instance: riscv_cpu:rvsingle|datapath:dp|reset_ff:pcreg ;
+----------------+-------+-------------------------------------------------------------------+
; Parameter Name ; Value ; Type                                                              ;
+----------------+-------+-------------------------------------------------------------------+
; WIDTH          ; 32    ; Signed Integer                                                    ;
+----------------+-------+-------------------------------------------------------------------+
Note: In order to hide this table in the UI and the text report file, please set the "Show Parameter Settings in Synthesis Report" option in "Analysis and Synthesis Settings -> More Settings" to "Off".


+------------------------------------------------------------------------------------------+
; Parameter Settings for User Entity Instance: riscv_cpu:rvsingle|datapath:dp|adder:pcadd4 ;
+----------------+-------+-----------------------------------------------------------------+
; Parameter Name ; Value ; Type                                                            ;
+----------------+-------+-----------------------------------------------------------------+
; WIDTH          ; 32    ; Signed Integer                                                  ;
+----------------+-------+-----------------------------------------------------------------+
Note: In order to hide this table in the UI and the text report file, please set the "Show Parameter Settings in Synthesis Report" option in "Analysis and Synthesis Settings -> More Settings" to "Off".


+-----------------------------------------------------------------------------------------------+
; Parameter Settings for User Entity Instance: riscv_cpu:rvsingle|datapath:dp|adder:pcaddbranch ;
+----------------+-------+----------------------------------------------------------------------+
; Parameter Name ; Value ; Type                                                                 ;
+----------------+-------+----------------------------------------------------------------------+
; WIDTH          ; 32    ; Signed Integer                                                       ;
+----------------+-------+----------------------------------------------------------------------+
Note: In order to hide this table in the UI and the text report file, please set the "Show Parameter Settings in Synthesis Report" option in "Analysis and Synthesis Settings -> More Settings" to "Off".


+--------------------------------------------------------------------------------------------+
; Parameter Settings for User Entity Instance: riscv_cpu:rvsingle|datapath:dp|mux2:pcjalrmux ;
+----------------+-------+-------------------------------------------------------------------+
; Parameter Name ; Value ; Type                                                              ;
+----------------+-------+-------------------------------------------------------------------+
; WIDTH          ; 32    ; Signed Integer                                                    ;
+----------------+-------+-------------------------------------------------------------------+
Note: In order to hide this table in the UI and the text report file, please set the "Show Parameter Settings in Synthesis Report" option in "Analysis and Synthesis Settings -> More Settings" to "Off".


+----------------------------------------------------------------------------------------+
; Parameter Settings for User Entity Instance: riscv_cpu:rvsingle|datapath:dp|mux2:pcmux ;
+----------------+-------+---------------------------------------------------------------+
; Parameter Name ; Value ; Type                                                          ;
+----------------+-------+---------------------------------------------------------------+
; WIDTH          ; 32    ; Signed Integer                                                ;
+----------------+-------+---------------------------------------------------------------+
Note: In order to hide this table in the UI and the text report file, please set the "Show Parameter Settings in Synthesis Report" option in "Analysis and Synthesis Settings -> More Settings" to "Off".


+-----------------------------------------------------------------------------------------+
; Parameter Settings for User Entity Instance: riscv_cpu:rvsingle|datapath:dp|reg_file:rf ;
+----------------+-------+----------------------------------------------------------------+
; Parameter Name ; Value ; Type                                                           ;
+----------------+-------+----------------------------------------------------------------+
; DATA_WIDTH     ; 32    ; Signed Integer                                                 ;
+----------------+-------+----------------------------------------------------------------+
Note: In order to hide this table in the UI and the text report file, please set the "Show Parameter Settings in Synthesis Report" option in "Analysis and Synthesis Settings -> More Settings" to "Off".


+------------------------------------------------------------------------------------------+
; Parameter Settings for User Entity Instance: riscv_cpu:rvsingle|datapath:dp|mux2:srcbmux ;
+----------------+-------+-----------------------------------------------------------------+
; Parameter Name ; Value ; Type                                                            ;
+----------------+-------+-----------------------------------------------------------------+
; WIDTH          ; 32    ; Signed Integer                                                  ;
+----------------+-------+-----------------------------------------------------------------+
Note: In order to hide this table in the UI and the text report file, please set the "Show Parameter Settings in Synthesis Report" option in "Analysis and Synthesis Settings -> More Settings" to "Off".


+-------------------------------------------------------------------------------------+
; Parameter Settings for User Entity Instance: riscv_cpu:rvsingle|datapath:dp|alu:alu ;
+----------------+-------+------------------------------------------------------------+
; Parameter Name ; Value ; Type                                                       ;
+----------------+-------+------------------------------------------------------------+
; WIDTH          ; 32    ; Signed Integer                                             ;
+----------------+-------+------------------------------------------------------------+
Note: In order to hide this table in the UI and the text report file, please set the "Show Parameter Settings in Synthesis Report" option in "Analysis and Synthesis Settings -> More Settings" to "Off".


+--------------------------------------------------------------------------------------------+
; Parameter Settings for User Entity Instance: riscv_cpu:rvsingle|datapath:dp|adder:auipcadd ;
+----------------+-------+-------------------------------------------------------------------+
; Parameter Name ; Value ; Type                                                              ;
+----------------+-------+-------------------------------------------------------------------+
; WIDTH          ; 32    ; Signed Integer                                                    ;
+----------------+-------+-------------------------------------------------------------------+
Note: In order to hide this table in the UI and the text report file, please set the "Show Parameter Settings in Synthesis Report" option in "Analysis and Synthesis Settings -> More Settings" to "Off".


+-------------------------------------------------------------------------------------------+
; Parameter Settings for User Entity Instance: riscv_cpu:rvsingle|datapath:dp|mux2:luipcmux ;
+----------------+-------+------------------------------------------------------------------+
; Parameter Name ; Value ; Type                                                             ;
+----------------+-------+------------------------------------------------------------------+
; WIDTH          ; 32    ; Signed Integer                                                   ;
+----------------+-------+------------------------------------------------------------------+
Note: In order to hide this table in the UI and the text report file, please set the "Show Parameter Settings in Synthesis Report" option in "Analysis and Synthesis Settings -> More Settings" to "Off".


+--------------------------------------------------------------------------------------------+
; Parameter Settings for User Entity Instance: riscv_cpu:rvsingle|datapath:dp|mux4:resultmux ;
+----------------+-------+-------------------------------------------------------------------+
; Parameter Name ; Value ; Type                                                              ;
+----------------+-------+-------------------------------------------------------------------+
; WIDTH          ; 32    ; Signed Integer                                                    ;
+----------------+-------+-------------------------------------------------------------------+
Note: In order to hide this table in the UI and the text report file, please set the "Show Parameter Settings in Synthesis Report" option in "Analysis and Synthesis Settings -> More Settings" to "Off".


+-------------------------------------------------------------+
; Parameter Settings for User Entity Instance: instr_mem:imem ;
+----------------+-------+------------------------------------+
; Parameter Name ; Value ; Type                               ;
+----------------+-------+------------------------------------+
; DATA_WIDTH     ; 32    ; Signed Integer                     ;
; ADDR_WIDTH     ; 32    ; Signed Integer                     ;
; MEM_SIZE       ; 512   ; Signed Integer                     ;
+----------------+-------+------------------------------------+
Note: In order to hide this table in the UI and the text report file, please set the "Show Parameter Settings in Synthesis Report" option in "Analysis and Synthesis Settings -> More Settings" to "Off".


+------------------------------------------------------------+
; Parameter Settings for User Entity Instance: data_mem:dmem ;
+----------------+-------+-----------------------------------+
; Parameter Name ; Value ; Type                              ;
+----------------+-------+-----------------------------------+
; DATA_WIDTH     ; 32    ; Signed Integer                    ;
; ADDR_WIDTH     ; 32    ; Signed Integer                    ;
; MEM_SIZE       ; 64    ; Signed Integer                    ;
+----------------+-------+-----------------------------------+
Note: In order to hide this table in the UI and the text report file, please set the "Show Parameter Settings in Synthesis Report" option in "Analysis and Synthesis Settings -> More Settings" to "Off".


+------------------------------------------------------------------------------------------------------------+
; Analysis & Elaboration Settings                                                                            ;
+------------------------------------------------------------------+--------------------+--------------------+
; Option                                                           ; Setting            ; Default Value      ;
+------------------------------------------------------------------+--------------------+--------------------+
; Device                                                           ; EP4CE22F17C6       ;                    ;
; Top-level entity name                                            ; t2b_riscv_cpu      ; t2b_riscv_cpu      ;
; Family name                                                      ; Cyclone IV E       ; Cyclone V          ;
; Use smart compilation                                            ; Off                ; Off                ;
; Enable parallel Assembler and Timing Analyzer during compilation ; On                 ; On                 ;
; Enable compact report table                                      ; Off                ; Off                ;
; Restructure Multiplexers                                         ; Auto               ; Auto               ;
; Create Debugging Nodes for IP Cores                              ; Off                ; Off                ;
; Preserve fewer node names                                        ; On                 ; On                 ;
; Intel FPGA IP Evaluation Mode                                    ; Enable             ; Enable             ;
; Verilog Version                                                  ; Verilog_2001       ; Verilog_2001       ;
; VHDL Version                                                     ; VHDL_1993          ; VHDL_1993          ;
; State Machine Processing                                         ; Auto               ; Auto               ;
; Safe State Machine                                               ; Off                ; Off                ;
; Extract Verilog State Machines                                   ; On                 ; On                 ;
; Extract VHDL State Machines                                      ; On                 ; On                 ;
; Ignore Verilog initial constructs                                ; Off                ; Off                ;
; Iteration limit for constant Verilog loops                       ; 5000               ; 5000               ;
; Iteration limit for non-constant Verilog loops                   ; 250                ; 250                ;
; Add Pass-Through Logic to Inferred RAMs                          ; On                 ; On                 ;
; Infer RAMs from Raw Logic                                        ; On                 ; On                 ;
; Parallel Synthesis                                               ; On                 ; On                 ;
; DSP Block Balancing                                              ; Auto               ; Auto               ;
; NOT Gate Push-Back                                               ; On                 ; On                 ;
; Power-Up Don't Care                                              ; On                 ; On                 ;
; Remove Redundant Logic Cells                                     ; Off                ; Off                ;
; Remove Duplicate Registers                                       ; On                 ; On                 ;
; Ignore CARRY Buffers                                             ; Off                ; Off                ;
; Ignore CASCADE Buffers                                           ; Off                ; Off                ;
; Ignore GLOBAL Buffers                                            ; Off                ; Off                ;
; Ignore ROW GLOBAL Buffers                                        ; Off                ; Off                ;
; Ignore LCELL Buffers                                             ; Off                ; Off                ;
; Ignore SOFT Buffers                                              ; On                 ; On                 ;
; Limit AHDL Integers to 32 Bits                                   ; Off                ; Off                ;
; Optimization Technique                                           ; Balanced           ; Balanced           ;
; Carry Chain Length                                               ; 70                 ; 70                 ;
; Auto Carry Chains                                                ; On                 ; On                 ;
; Auto Open-Drain Pins                                             ; On                 ; On                 ;
; Perform WYSIWYG Primitive Resynthesis                            ; Off                ; Off                ;
; Auto ROM Replacement                                             ; On                 ; On                 ;
; Auto RAM Replacement                                             ; On                 ; On                 ;
; Auto DSP Block Replacement                                       ; On                 ; On                 ;
; Auto Shift Register Replacement                                  ; Auto               ; Auto               ;
; Allow Shift Register Merging across Hierarchies                  ; Auto               ; Auto               ;
; Auto Clock Enable Replacement                                    ; On                 ; On                 ;
; Strict RAM Replacement                                           ; Off                ; Off                ;
; Allow Synchronous Control Signals                                ; On                 ; On                 ;
; Force Use of Synchronous Clear Signals                           ; Off                ; Off                ;
; Auto RAM Block Balancing                                         ; On                 ; On                 ;
; Auto RAM to Logic Cell Conversion                                ; Off                ; Off                ;
; Auto Resource Sharing                                            ; Off                ; Off                ;
; Allow Any RAM Size For Recognition                               ; Off                ; Off                ;
; Allow Any ROM Size For Recognition                               ; Off                ; Off                ;
; Allow Any Shift Register Size For Recognition                    ; Off                ; Off                ;
; Use LogicLock Constraints during Resource Balancing              ; On                 ; On                 ;
; Ignore translate_off and synthesis_off directives                ; Off                ; Off                ;
; Timing-Driven Synthesis                                          ; On                 ; On                 ;
; Report Parameter Settings                                        ; On                 ; On                 ;
; Report Source Assignments                                        ; On                 ; On                 ;
; Report Connectivity Checks                                       ; On                 ; On                 ;
; Ignore Maximum Fan-Out Assignments                               ; Off                ; Off                ;
; Synchronization Register Chain Length                            ; 2                  ; 2                  ;
; Power Optimization During Synthesis                              ; Normal compilation ; Normal compilation ;
; HDL message level                                                ; Level2             ; Level2             ;
; Suppress Register Optimization Related Messages                  ; Off                ; Off                ;
; Number of Removed Registers Reported in Synthesis Report         ; 5000               ; 5000               ;
; Number of Swept Nodes Reported in Synthesis Report               ; 5000               ; 5000               ;
; Number of Inverted Registers Reported in Synthesis Report        ; 100                ; 100                ;
; Clock MUX Protection                                             ; On                 ; On                 ;
; Auto Gated Clock Conversion                                      ; Off                ; Off                ;
; Block Design Naming                                              ; Auto               ; Auto               ;
; SDC constraint protection                                        ; Off                ; Off                ;
; Synthesis Effort                                                 ; Auto               ; Auto               ;
; Shift Register Replacement - Allow Asynchronous Clear Signal     ; On                 ; On                 ;
; Pre-Mapping Resynthesis Optimization                             ; Off                ; Off                ;
; Analysis & Synthesis Message Level                               ; Medium             ; Medium             ;
; Disable Register Merging Across Hierarchies                      ; Auto               ; Auto               ;
; Resource Aware Inference For Block RAM                           ; On                 ; On                 ;
+------------------------------------------------------------------+--------------------+--------------------+


+--------------------------------------------------------------------------+
; Port Connectivity Checks: "riscv_cpu:rvsingle|datapath:dp|mux2:luipcmux" ;
+-----------+-------+----------+-------------------------------------------+
; Port      ; Type  ; Severity ; Details                                   ;
+-----------+-------+----------+-------------------------------------------+
; d1[11..0] ; Input ; Info     ; Stuck at GND                              ;
+-----------+-------+----------+-------------------------------------------+


+---------------------------------------------------------------------------+
; Port Connectivity Checks: "riscv_cpu:rvsingle|datapath:dp|adder:auipcadd" ;
+----------+-------+----------+---------------------------------------------+
; Port     ; Type  ; Severity ; Details                                     ;
+----------+-------+----------+---------------------------------------------+
; b[11..0] ; Input ; Info     ; Stuck at GND                                ;
+----------+-------+----------+---------------------------------------------+


+-------------------------------------------------------------------------+
; Port Connectivity Checks: "riscv_cpu:rvsingle|datapath:dp|adder:pcadd4" ;
+----------+-------+----------+-------------------------------------------+
; Port     ; Type  ; Severity ; Details                                   ;
+----------+-------+----------+-------------------------------------------+
; b[31..3] ; Input ; Info     ; Stuck at GND                              ;
; b[1..0]  ; Input ; Info     ; Stuck at GND                              ;
; b[2]     ; Input ; Info     ; Stuck at VCC                              ;
+----------+-------+----------+-------------------------------------------+


+------------------------------------------------------------------------------------------------------------------+
; Port Connectivity Checks: "riscv_cpu:rvsingle|controller:c|main_decoder:md"                                      ;
+--------+--------+----------+-------------------------------------------------------------------------------------+
; Port   ; Type   ; Severity ; Details                                                                             ;
+--------+--------+----------+-------------------------------------------------------------------------------------+
; ALUR31 ; Output ; Info     ; Connected to dangling logic. Logic that only feeds a dangling port will be removed. ;
; Zero   ; Output ; Info     ; Connected to dangling logic. Logic that only feeds a dangling port will be removed. ;
+--------+--------+----------+-------------------------------------------------------------------------------------+


+---------------------------------+
; Analysis & Elaboration Messages ;
+---------------------------------+
Info: *******************************************************************
Info: Running Quartus Prime Analysis & Elaboration
    Info: Version 20.1.0 Build 711 06/05/2020 SJ Lite Edition
    Info: Processing started: Tue Nov 14 08:08:09 2023
Info: Command: quartus_map --read_settings_files=on --write_settings_files=off t2b_riscv_cpu -c t2b_riscv_cpu --analysis_and_elaboration
Warning (18236): Number of processors has not been specified which may cause overloading on shared machines.  Set the global assignment NUM_PARALLEL_PROCESSORS in your QSF to an appropriate value for best performance.
Info (20030): Parallel compilation is enabled and will use 12 of the 12 processors detected
Info (12021): Found 1 design units, including 1 entities, in source file verilog_codes/store_extend.v
    Info (12023): Found entity 1: store_extend File: /home/saish_k/Eyantra/task 2/t2b_riscv_cpu(1)/t2b_riscv_cpu/verilog_codes/store_extend.v Line: 4
Info (12021): Found 1 design units, including 1 entities, in source file verilog_codes/sign_extend.v
    Info (12023): Found entity 1: sign_extend File: /home/saish_k/Eyantra/task 2/t2b_riscv_cpu(1)/t2b_riscv_cpu/verilog_codes/sign_extend.v Line: 4
Info (12021): Found 1 design units, including 1 entities, in source file verilog_codes/reset_ff.v
    Info (12023): Found entity 1: reset_ff File: /home/saish_k/Eyantra/task 2/t2b_riscv_cpu(1)/t2b_riscv_cpu/verilog_codes/reset_ff.v Line: 4
Info (12021): Found 1 design units, including 1 entities, in source file verilog_codes/reg_file.v
    Info (12023): Found entity 1: reg_file File: /home/saish_k/Eyantra/task 2/t2b_riscv_cpu(1)/t2b_riscv_cpu/verilog_codes/reg_file.v Line: 8
Info (12021): Found 1 design units, including 1 entities, in source file verilog_codes/pc.v
    Info (12023): Found entity 1: PC File: /home/saish_k/Eyantra/task 2/t2b_riscv_cpu(1)/t2b_riscv_cpu/verilog_codes/pc.v Line: 1
Info (12021): Found 1 design units, including 1 entities, in source file verilog_codes/mux4.v
    Info (12023): Found entity 1: mux4 File: /home/saish_k/Eyantra/task 2/t2b_riscv_cpu(1)/t2b_riscv_cpu/verilog_codes/mux4.v Line: 4
Info (12021): Found 1 design units, including 1 entities, in source file verilog_codes/mux3.v
    Info (12023): Found entity 1: mux3 File: /home/saish_k/Eyantra/task 2/t2b_riscv_cpu(1)/t2b_riscv_cpu/verilog_codes/mux3.v Line: 4
Info (12021): Found 1 design units, including 1 entities, in source file verilog_codes/mux2.v
    Info (12023): Found entity 1: mux2 File: /home/saish_k/Eyantra/task 2/t2b_riscv_cpu(1)/t2b_riscv_cpu/verilog_codes/mux2.v Line: 4
Info (12021): Found 1 design units, including 1 entities, in source file verilog_codes/main_decoder.v
    Info (12023): Found entity 1: main_decoder File: /home/saish_k/Eyantra/task 2/t2b_riscv_cpu(1)/t2b_riscv_cpu/verilog_codes/main_decoder.v Line: 4
Info (12021): Found 1 design units, including 1 entities, in source file verilog_codes/load_extend.v
    Info (12023): Found entity 1: load_extend File: /home/saish_k/Eyantra/task 2/t2b_riscv_cpu(1)/t2b_riscv_cpu/verilog_codes/load_extend.v Line: 5
Info (12021): Found 1 design units, including 1 entities, in source file verilog_codes/imm_extend.v
    Info (12023): Found entity 1: imm_extend File: /home/saish_k/Eyantra/task 2/t2b_riscv_cpu(1)/t2b_riscv_cpu/verilog_codes/imm_extend.v Line: 4
Info (12021): Found 1 design units, including 1 entities, in source file verilog_codes/datapath.v
    Info (12023): Found entity 1: datapath File: /home/saish_k/Eyantra/task 2/t2b_riscv_cpu(1)/t2b_riscv_cpu/verilog_codes/datapath.v Line: 4
Info (12021): Found 1 design units, including 1 entities, in source file verilog_codes/controller.v
    Info (12023): Found entity 1: controller File: /home/saish_k/Eyantra/task 2/t2b_riscv_cpu(1)/t2b_riscv_cpu/verilog_codes/controller.v Line: 4
Info (12021): Found 1 design units, including 1 entities, in source file verilog_codes/alu_decoder.v
    Info (12023): Found entity 1: alu_decoder File: /home/saish_k/Eyantra/task 2/t2b_riscv_cpu(1)/t2b_riscv_cpu/verilog_codes/alu_decoder.v Line: 4
Info (12021): Found 1 design units, including 1 entities, in source file verilog_codes/alu.v
    Info (12023): Found entity 1: alu File: /home/saish_k/Eyantra/task 2/t2b_riscv_cpu(1)/t2b_riscv_cpu/verilog_codes/alu.v Line: 4
Info (12021): Found 1 design units, including 1 entities, in source file verilog_codes/adder.v
    Info (12023): Found entity 1: adder File: /home/saish_k/Eyantra/task 2/t2b_riscv_cpu(1)/t2b_riscv_cpu/verilog_codes/adder.v Line: 4
Info (12021): Found 1 design units, including 1 entities, in source file instr_mem.v
    Info (12023): Found entity 1: instr_mem File: /home/saish_k/Eyantra/task 2/t2b_riscv_cpu(1)/t2b_riscv_cpu/instr_mem.v Line: 4
Info (12021): Found 1 design units, including 1 entities, in source file data_mem.v
    Info (12023): Found entity 1: data_mem File: /home/saish_k/Eyantra/task 2/t2b_riscv_cpu(1)/t2b_riscv_cpu/data_mem.v Line: 4
Info (12021): Found 1 design units, including 1 entities, in source file riscv_cpu.v
    Info (12023): Found entity 1: riscv_cpu File: /home/saish_k/Eyantra/task 2/t2b_riscv_cpu(1)/t2b_riscv_cpu/riscv_cpu.v Line: 4
Info (12021): Found 1 design units, including 1 entities, in source file t2b_riscv_cpu.v
    Info (12023): Found entity 1: t2b_riscv_cpu File: /home/saish_k/Eyantra/task 2/t2b_riscv_cpu(1)/t2b_riscv_cpu/t2b_riscv_cpu.v Line: 17
Info (12127): Elaborating entity "t2b_riscv_cpu" for the top level hierarchy
Warning (10230): Verilog HDL assignment warning at t2b_riscv_cpu.v(36): truncated value with size 32 to match size of target (1) File: /home/saish_k/Eyantra/task 2/t2b_riscv_cpu(1)/t2b_riscv_cpu/t2b_riscv_cpu.v Line: 36
Info (12128): Elaborating entity "riscv_cpu" for hierarchy "riscv_cpu:rvsingle" File: /home/saish_k/Eyantra/task 2/t2b_riscv_cpu(1)/t2b_riscv_cpu/t2b_riscv_cpu.v Line: 31
Info (12128): Elaborating entity "controller" for hierarchy "riscv_cpu:rvsingle|controller:c" File: /home/saish_k/Eyantra/task 2/t2b_riscv_cpu(1)/t2b_riscv_cpu/riscv_cpu.v Line: 21
Info (12128): Elaborating entity "main_decoder" for hierarchy "riscv_cpu:rvsingle|controller:c|main_decoder:md" File: /home/saish_k/Eyantra/task 2/t2b_riscv_cpu(1)/t2b_riscv_cpu/verilog_codes/controller.v Line: 23
Warning (10270): Verilog HDL Case Statement warning at main_decoder.v(22): incomplete case statement has no default case item File: /home/saish_k/Eyantra/task 2/t2b_riscv_cpu(1)/t2b_riscv_cpu/verilog_codes/main_decoder.v Line: 22
Warning (10270): Verilog HDL Case Statement warning at main_decoder.v(31): incomplete case statement has no default case item File: /home/saish_k/Eyantra/task 2/t2b_riscv_cpu(1)/t2b_riscv_cpu/verilog_codes/main_decoder.v Line: 31
Warning (10240): Verilog HDL Always Construct warning at main_decoder.v(19): inferring latch(es) for variable "controls", which holds its previous value in one or more paths through the always construct File: /home/saish_k/Eyantra/task 2/t2b_riscv_cpu(1)/t2b_riscv_cpu/verilog_codes/main_decoder.v Line: 19
Warning (10030): Net "ALUR31" at main_decoder.v(8) has no driver or initial value, using a default initial value '0' File: /home/saish_k/Eyantra/task 2/t2b_riscv_cpu(1)/t2b_riscv_cpu/verilog_codes/main_decoder.v Line: 8
Warning (10030): Net "Zero" at main_decoder.v(9) has no driver or initial value, using a default initial value '0' File: /home/saish_k/Eyantra/task 2/t2b_riscv_cpu(1)/t2b_riscv_cpu/verilog_codes/main_decoder.v Line: 9
Info (10041): Inferred latch for "controls[0]" at main_decoder.v(19) File: /home/saish_k/Eyantra/task 2/t2b_riscv_cpu(1)/t2b_riscv_cpu/verilog_codes/main_decoder.v Line: 19
Info (10041): Inferred latch for "controls[1]" at main_decoder.v(19) File: /home/saish_k/Eyantra/task 2/t2b_riscv_cpu(1)/t2b_riscv_cpu/verilog_codes/main_decoder.v Line: 19
Info (10041): Inferred latch for "controls[2]" at main_decoder.v(19) File: /home/saish_k/Eyantra/task 2/t2b_riscv_cpu(1)/t2b_riscv_cpu/verilog_codes/main_decoder.v Line: 19
Info (10041): Inferred latch for "controls[3]" at main_decoder.v(19) File: /home/saish_k/Eyantra/task 2/t2b_riscv_cpu(1)/t2b_riscv_cpu/verilog_codes/main_decoder.v Line: 19
Info (10041): Inferred latch for "controls[4]" at main_decoder.v(19) File: /home/saish_k/Eyantra/task 2/t2b_riscv_cpu(1)/t2b_riscv_cpu/verilog_codes/main_decoder.v Line: 19
Info (10041): Inferred latch for "controls[5]" at main_decoder.v(19) File: /home/saish_k/Eyantra/task 2/t2b_riscv_cpu(1)/t2b_riscv_cpu/verilog_codes/main_decoder.v Line: 19
Info (10041): Inferred latch for "controls[6]" at main_decoder.v(19) File: /home/saish_k/Eyantra/task 2/t2b_riscv_cpu(1)/t2b_riscv_cpu/verilog_codes/main_decoder.v Line: 19
Info (10041): Inferred latch for "controls[7]" at main_decoder.v(19) File: /home/saish_k/Eyantra/task 2/t2b_riscv_cpu(1)/t2b_riscv_cpu/verilog_codes/main_decoder.v Line: 19
Info (10041): Inferred latch for "controls[8]" at main_decoder.v(19) File: /home/saish_k/Eyantra/task 2/t2b_riscv_cpu(1)/t2b_riscv_cpu/verilog_codes/main_decoder.v Line: 19
Info (10041): Inferred latch for "controls[9]" at main_decoder.v(19) File: /home/saish_k/Eyantra/task 2/t2b_riscv_cpu(1)/t2b_riscv_cpu/verilog_codes/main_decoder.v Line: 19
Info (10041): Inferred latch for "controls[10]" at main_decoder.v(19) File: /home/saish_k/Eyantra/task 2/t2b_riscv_cpu(1)/t2b_riscv_cpu/verilog_codes/main_decoder.v Line: 19
Info (10041): Inferred latch for "controls[11]" at main_decoder.v(19) File: /home/saish_k/Eyantra/task 2/t2b_riscv_cpu(1)/t2b_riscv_cpu/verilog_codes/main_decoder.v Line: 19
Info (10041): Inferred latch for "controls[12]" at main_decoder.v(19) File: /home/saish_k/Eyantra/task 2/t2b_riscv_cpu(1)/t2b_riscv_cpu/verilog_codes/main_decoder.v Line: 19
Info (10041): Inferred latch for "controls[13]" at main_decoder.v(19) File: /home/saish_k/Eyantra/task 2/t2b_riscv_cpu(1)/t2b_riscv_cpu/verilog_codes/main_decoder.v Line: 19
Info (10041): Inferred latch for "controls[14]" at main_decoder.v(19) File: /home/saish_k/Eyantra/task 2/t2b_riscv_cpu(1)/t2b_riscv_cpu/verilog_codes/main_decoder.v Line: 19
Info (10041): Inferred latch for "controls[15]" at main_decoder.v(19) File: /home/saish_k/Eyantra/task 2/t2b_riscv_cpu(1)/t2b_riscv_cpu/verilog_codes/main_decoder.v Line: 19
Info (10041): Inferred latch for "controls[16]" at main_decoder.v(19) File: /home/saish_k/Eyantra/task 2/t2b_riscv_cpu(1)/t2b_riscv_cpu/verilog_codes/main_decoder.v Line: 19
Info (12128): Elaborating entity "alu_decoder" for hierarchy "riscv_cpu:rvsingle|controller:c|alu_decoder:ad" File: /home/saish_k/Eyantra/task 2/t2b_riscv_cpu(1)/t2b_riscv_cpu/verilog_codes/controller.v Line: 25
Info (12128): Elaborating entity "datapath" for hierarchy "riscv_cpu:rvsingle|datapath:dp" File: /home/saish_k/Eyantra/task 2/t2b_riscv_cpu(1)/t2b_riscv_cpu/riscv_cpu.v Line: 25
Info (12128): Elaborating entity "reset_ff" for hierarchy "riscv_cpu:rvsingle|datapath:dp|reset_ff:pcreg" File: /home/saish_k/Eyantra/task 2/t2b_riscv_cpu(1)/t2b_riscv_cpu/verilog_codes/datapath.v Line: 25
Info (12128): Elaborating entity "adder" for hierarchy "riscv_cpu:rvsingle|datapath:dp|adder:pcadd4" File: /home/saish_k/Eyantra/task 2/t2b_riscv_cpu(1)/t2b_riscv_cpu/verilog_codes/datapath.v Line: 26
Info (12128): Elaborating entity "mux2" for hierarchy "riscv_cpu:rvsingle|datapath:dp|mux2:pcjalrmux" File: /home/saish_k/Eyantra/task 2/t2b_riscv_cpu(1)/t2b_riscv_cpu/verilog_codes/datapath.v Line: 28
Info (12128): Elaborating entity "reg_file" for hierarchy "riscv_cpu:rvsingle|datapath:dp|reg_file:rf" File: /home/saish_k/Eyantra/task 2/t2b_riscv_cpu(1)/t2b_riscv_cpu/verilog_codes/datapath.v Line: 39
Info (12128): Elaborating entity "imm_extend" for hierarchy "riscv_cpu:rvsingle|datapath:dp|imm_extend:ext" File: /home/saish_k/Eyantra/task 2/t2b_riscv_cpu(1)/t2b_riscv_cpu/verilog_codes/datapath.v Line: 40
Info (12128): Elaborating entity "alu" for hierarchy "riscv_cpu:rvsingle|datapath:dp|alu:alu" File: /home/saish_k/Eyantra/task 2/t2b_riscv_cpu(1)/t2b_riscv_cpu/verilog_codes/datapath.v Line: 44
Info (12128): Elaborating entity "load_extend" for hierarchy "riscv_cpu:rvsingle|datapath:dp|load_extend:ldextd" File: /home/saish_k/Eyantra/task 2/t2b_riscv_cpu(1)/t2b_riscv_cpu/verilog_codes/datapath.v Line: 47
Info (12128): Elaborating entity "mux4" for hierarchy "riscv_cpu:rvsingle|datapath:dp|mux4:resultmux" File: /home/saish_k/Eyantra/task 2/t2b_riscv_cpu(1)/t2b_riscv_cpu/verilog_codes/datapath.v Line: 52
Info (12128): Elaborating entity "store_extend" for hierarchy "riscv_cpu:rvsingle|datapath:dp|store_extend:strextd" File: /home/saish_k/Eyantra/task 2/t2b_riscv_cpu(1)/t2b_riscv_cpu/verilog_codes/datapath.v Line: 55
Info (12128): Elaborating entity "instr_mem" for hierarchy "instr_mem:imem" File: /home/saish_k/Eyantra/task 2/t2b_riscv_cpu(1)/t2b_riscv_cpu/t2b_riscv_cpu.v Line: 32
Warning (10030): Net "instr_ram.data_a" at instr_mem.v(10) has no driver or initial value, using a default initial value '0' File: /home/saish_k/Eyantra/task 2/t2b_riscv_cpu(1)/t2b_riscv_cpu/instr_mem.v Line: 10
Warning (10030): Net "instr_ram.waddr_a" at instr_mem.v(10) has no driver or initial value, using a default initial value '0' File: /home/saish_k/Eyantra/task 2/t2b_riscv_cpu(1)/t2b_riscv_cpu/instr_mem.v Line: 10
Warning (10030): Net "instr_ram.we_a" at instr_mem.v(10) has no driver or initial value, using a default initial value '0' File: /home/saish_k/Eyantra/task 2/t2b_riscv_cpu(1)/t2b_riscv_cpu/instr_mem.v Line: 10
Info (12128): Elaborating entity "data_mem" for hierarchy "data_mem:dmem" File: /home/saish_k/Eyantra/task 2/t2b_riscv_cpu(1)/t2b_riscv_cpu/t2b_riscv_cpu.v Line: 33
Info (144001): Generated suppressed messages file /home/saish_k/Eyantra/task 2/t2b_riscv_cpu(1)/t2b_riscv_cpu/output_files/t2b_riscv_cpu.map.smsg
Info: Quartus Prime Analysis & Elaboration was successful. 0 errors, 10 warnings
    Info: Peak virtual memory: 669 megabytes
    Info: Processing ended: Tue Nov 14 08:08:15 2023
    Info: Elapsed time: 00:00:06
    Info: Total CPU time (on all processors): 00:00:16


+--------------------------------------------+
; Analysis & Elaboration Suppressed Messages ;
+--------------------------------------------+
The suppressed messages can be found in /home/saish_k/Eyantra/task 2/t2b_riscv_cpu(1)/t2b_riscv_cpu/output_files/t2b_riscv_cpu.map.smsg.


